<?xml version="1.0" encoding="UTF-8"?>
<coverage generated="1765856887789" clover="3.2.0">
  <project timestamp="1765856887790" name="All files">
    <metrics statements="447" coveredstatements="400" conditionals="502" coveredconditionals="425" methods="128" coveredmethods="103" elements="1077" coveredelements="928" complexity="0" loc="447" ncloc="447" packages="12" files="13" classes="13"/>
    <package name="components.MultiStepForm">
      <metrics statements="12" coveredstatements="11" conditionals="7" coveredconditionals="6" methods="2" coveredmethods="2"/>
      <file name="MultiStepForm.jsx" path="/Users/suhas/Suhas/Medlaunch /Medlaunch-FE-MultiStep-Form-Challenge/src/components/MultiStepForm/MultiStepForm.jsx">
        <metrics statements="12" coveredstatements="11" conditionals="7" coveredconditionals="6" methods="2" coveredmethods="2"/>
        <line num="14" count="1" type="stmt"/>
        <line num="15" count="27" type="stmt"/>
        <line num="17" count="27" type="stmt"/>
        <line num="18" count="27" type="cond" truecount="6" falsecount="1"/>
        <line num="20" count="17" type="stmt"/>
        <line num="22" count="2" type="stmt"/>
        <line num="24" count="2" type="stmt"/>
        <line num="26" count="2" type="stmt"/>
        <line num="28" count="2" type="stmt"/>
        <line num="30" count="2" type="stmt"/>
        <line num="32" count="0" type="stmt"/>
        <line num="36" count="27" type="stmt"/>
      </file>
    </package>
    <package name="components.Steps.Step1">
      <metrics statements="48" coveredstatements="40" conditionals="60" coveredconditionals="53" methods="11" coveredmethods="10"/>
      <file name="Step1.jsx" path="/Users/suhas/Suhas/Medlaunch /Medlaunch-FE-MultiStep-Form-Challenge/src/components/Steps/Step1/Step1.jsx">
        <metrics statements="48" coveredstatements="40" conditionals="60" coveredconditionals="53" methods="11" coveredmethods="10"/>
        <line num="8" count="1" type="stmt"/>
        <line num="9" count="202" type="stmt"/>
        <line num="10" count="202" type="stmt"/>
        <line num="21" count="202" type="stmt"/>
        <line num="26" count="202" type="stmt"/>
        <line num="27" count="202" type="stmt"/>
        <line num="28" count="202" type="stmt"/>
        <line num="30" count="202" type="cond" truecount="2" falsecount="0"/>
        <line num="32" count="202" type="stmt"/>
        <line num="33" count="1" type="stmt"/>
        <line num="34" count="1" type="stmt"/>
        <line num="37" count="202" type="stmt"/>
        <line num="38" count="3" type="stmt"/>
        <line num="39" count="3" type="stmt"/>
        <line num="40" count="3" type="stmt"/>
        <line num="42" count="3" type="cond" truecount="1" falsecount="1"/>
        <line num="43" count="3" type="stmt"/>
        <line num="45" count="0" type="stmt"/>
        <line num="49" count="202" type="stmt"/>
        <line num="50" count="1" type="stmt"/>
        <line num="51" count="1" type="stmt"/>
        <line num="52" count="1" type="stmt"/>
        <line num="55" count="202" type="stmt"/>
        <line num="56" count="2" type="stmt"/>
        <line num="57" count="2" type="stmt"/>
        <line num="60" count="202" type="stmt"/>
        <line num="61" count="0" type="stmt"/>
        <line num="62" count="0" type="stmt"/>
        <line num="63" count="0" type="stmt"/>
        <line num="66" count="202" type="stmt"/>
        <line num="67" count="60" type="stmt"/>
        <line num="68" count="60" type="cond" truecount="2" falsecount="0"/>
        <line num="69" count="1" type="stmt"/>
        <line num="70" count="1" type="stmt"/>
        <line num="71" count="1" type="stmt"/>
        <line num="75" count="202" type="stmt"/>
        <line num="76" count="2" type="cond" truecount="1" falsecount="1"/>
        <line num="81" count="2" type="stmt"/>
        <line num="82" count="2" type="stmt"/>
        <line num="93" count="2" type="stmt"/>
        <line num="97" count="202" type="stmt"/>
        <line num="255" count="13" type="cond" truecount="1" falsecount="1"/>
        <line num="265" count="0" type="stmt"/>
        <line num="291" count="10" type="cond" truecount="1" falsecount="1"/>
        <line num="301" count="0" type="stmt"/>
        <line num="335" count="61" type="cond" truecount="1" falsecount="1"/>
        <line num="336" count="0" type="stmt"/>
        <line num="337" count="0" type="stmt"/>
      </file>
    </package>
    <package name="components.Steps.Step2">
      <metrics statements="13" coveredstatements="13" conditionals="2" coveredconditionals="2" methods="4" coveredmethods="4"/>
      <file name="Step2.jsx" path="/Users/suhas/Suhas/Medlaunch /Medlaunch-FE-MultiStep-Form-Challenge/src/components/Steps/Step2/Step2.jsx">
        <metrics statements="13" coveredstatements="13" conditionals="2" coveredconditionals="2" methods="4" coveredmethods="4"/>
        <line num="6" count="1" type="stmt"/>
        <line num="7" count="35" type="stmt"/>
        <line num="14" count="35" type="stmt"/>
        <line num="18" count="35" type="stmt"/>
        <line num="19" count="1" type="stmt"/>
        <line num="20" count="1" type="stmt"/>
        <line num="23" count="35" type="stmt"/>
        <line num="24" count="1" type="stmt"/>
        <line num="25" count="1" type="stmt"/>
        <line num="26" count="1" type="stmt"/>
        <line num="29" count="35" type="stmt"/>
        <line num="38" count="35" type="stmt"/>
        <line num="54" count="210" type="stmt"/>
      </file>
    </package>
    <package name="components.Steps.Step3">
      <metrics statements="46" coveredstatements="38" conditionals="63" coveredconditionals="51" methods="13" coveredmethods="9"/>
      <file name="ContactSection.jsx" path="/Users/suhas/Suhas/Medlaunch /Medlaunch-FE-MultiStep-Form-Challenge/src/components/Steps/Step3/ContactSection.jsx">
        <metrics statements="6" coveredstatements="4" conditionals="37" coveredconditionals="32" methods="4" coveredmethods="3"/>
        <line num="3" count="2" type="stmt"/>
        <line num="13" count="2384" type="stmt"/>
        <line num="15" count="194" type="stmt"/>
        <line num="24" count="8" type="stmt"/>
        <line num="97" count="0" type="cond" truecount="0" falsecount="2"/>
        <line num="107" count="0" type="stmt"/>
      </file>
      <file name="Step3.jsx" path="/Users/suhas/Suhas/Medlaunch /Medlaunch-FE-MultiStep-Form-Challenge/src/components/Steps/Step3/Step3.jsx">
        <metrics statements="40" coveredstatements="34" conditionals="26" coveredconditionals="19" methods="9" coveredmethods="6"/>
        <line num="8" count="1" type="stmt"/>
        <line num="9" count="59" type="stmt"/>
        <line num="20" count="59" type="stmt"/>
        <line num="25" count="59" type="stmt"/>
        <line num="26" count="59" type="stmt"/>
        <line num="27" count="59" type="stmt"/>
        <line num="30" count="59" type="stmt"/>
        <line num="31" count="28" type="stmt"/>
        <line num="32" count="84" type="cond" truecount="2" falsecount="0"/>
        <line num="33" count="10" type="stmt"/>
        <line num="34" count="10" type="stmt"/>
        <line num="35" count="10" type="stmt"/>
        <line num="36" count="10" type="stmt"/>
        <line num="38" count="10" type="stmt"/>
        <line num="47" count="28" type="stmt"/>
        <line num="48" count="28" type="stmt"/>
        <line num="49" count="28" type="stmt"/>
        <line num="62" count="59" type="stmt"/>
        <line num="63" count="0" type="stmt"/>
        <line num="64" count="0" type="stmt"/>
        <line num="67" count="59" type="stmt"/>
        <line num="68" count="7" type="stmt"/>
        <line num="70" count="7" type="cond" truecount="1" falsecount="1"/>
        <line num="71" count="7" type="stmt"/>
        <line num="72" count="7" type="stmt"/>
        <line num="73" count="7" type="stmt"/>
        <line num="74" count="7" type="stmt"/>
        <line num="76" count="7" type="stmt"/>
        <line num="85" count="59" type="stmt"/>
        <line num="86" count="1" type="stmt"/>
        <line num="87" count="1" type="stmt"/>
        <line num="88" count="1" type="stmt"/>
        <line num="91" count="59" type="stmt"/>
        <line num="145" count="59" type="stmt"/>
        <line num="166" count="59" type="stmt"/>
        <line num="245" count="0" type="cond" truecount="0" falsecount="2"/>
        <line num="246" count="0" type="stmt"/>
        <line num="273" count="2950" type="stmt"/>
        <line num="300" count="0" type="cond" truecount="0" falsecount="2"/>
        <line num="310" count="0" type="stmt"/>
      </file>
    </package>
    <package name="components.Steps.Step4">
      <metrics statements="32" coveredstatements="28" conditionals="21" coveredconditionals="19" methods="14" coveredmethods="10"/>
      <file name="Step4.jsx" path="/Users/suhas/Suhas/Medlaunch /Medlaunch-FE-MultiStep-Form-Challenge/src/components/Steps/Step4/Step4.jsx">
        <metrics statements="32" coveredstatements="28" conditionals="21" coveredconditionals="19" methods="14" coveredmethods="10"/>
        <line num="9" count="1" type="stmt"/>
        <line num="10" count="33" type="stmt"/>
        <line num="11" count="33" type="stmt"/>
        <line num="13" count="33" type="stmt"/>
        <line num="14" count="10" type="stmt"/>
        <line num="15" count="10" type="stmt"/>
        <line num="18" count="33" type="stmt"/>
        <line num="19" count="1" type="stmt"/>
        <line num="20" count="1" type="stmt"/>
        <line num="25" count="1" type="stmt"/>
        <line num="28" count="1" type="stmt"/>
        <line num="31" count="33" type="stmt"/>
        <line num="32" count="0" type="stmt"/>
        <line num="33" count="0" type="stmt"/>
        <line num="36" count="33" type="stmt"/>
        <line num="37" count="1" type="stmt"/>
        <line num="40" count="33" type="stmt"/>
        <line num="42" count="4" type="cond" truecount="2" falsecount="0"/>
        <line num="43" count="2" type="stmt"/>
        <line num="44" count="2" type="stmt"/>
        <line num="48" count="2" type="cond" truecount="2" falsecount="0"/>
        <line num="52" count="1" type="stmt"/>
        <line num="53" count="1" type="stmt"/>
        <line num="56" count="1" type="stmt"/>
        <line num="57" count="1" type="stmt"/>
        <line num="60" count="33" type="stmt"/>
        <line num="73" count="3" type="stmt"/>
        <line num="85" count="7" type="stmt"/>
        <line num="133" count="1" type="stmt"/>
        <line num="143" count="1" type="stmt"/>
        <line num="153" count="0" type="stmt"/>
        <line num="163" count="0" type="stmt"/>
      </file>
    </package>
    <package name="components.Steps.Step5">
      <metrics statements="91" coveredstatements="80" conditionals="73" coveredconditionals="53" methods="35" coveredmethods="29"/>
      <file name="Step5.jsx" path="/Users/suhas/Suhas/Medlaunch /Medlaunch-FE-MultiStep-Form-Challenge/src/components/Steps/Step5/Step5.jsx">
        <metrics statements="91" coveredstatements="80" conditionals="73" coveredconditionals="53" methods="35" coveredmethods="29"/>
        <line num="9" count="1" type="stmt"/>
        <line num="10" count="87" type="stmt"/>
        <line num="11" count="87" type="stmt"/>
        <line num="12" count="87" type="stmt"/>
        <line num="13" count="87" type="stmt"/>
        <line num="14" count="87" type="stmt"/>
        <line num="15" count="87" type="stmt"/>
        <line num="16" count="87" type="stmt"/>
        <line num="19" count="87" type="stmt"/>
        <line num="20" count="87" type="stmt"/>
        <line num="21" count="87" type="stmt"/>
        <line num="22" count="87" type="stmt"/>
        <line num="26" count="87" type="stmt"/>
        <line num="27" count="174" type="stmt"/>
        <line num="30" count="87" type="stmt"/>
        <line num="31" count="2" type="stmt"/>
        <line num="32" count="2" type="stmt"/>
        <line num="33" count="2" type="stmt"/>
        <line num="35" count="2" type="cond" truecount="2" falsecount="0"/>
        <line num="36" count="1" type="stmt"/>
        <line num="38" count="1" type="stmt"/>
        <line num="40" count="2" type="stmt"/>
        <line num="43" count="87" type="stmt"/>
        <line num="57" count="87" type="stmt"/>
        <line num="58" count="6" type="cond" truecount="1" falsecount="1"/>
        <line num="59" count="6" type="cond" truecount="2" falsecount="0"/>
        <line num="60" count="4" type="stmt"/>
        <line num="70" count="2" type="stmt"/>
        <line num="71" count="2" type="stmt"/>
        <line num="72" count="2" type="stmt"/>
        <line num="76" count="87" type="stmt"/>
        <line num="77" count="0" type="cond" truecount="0" falsecount="2"/>
        <line num="78" count="0" type="stmt"/>
        <line num="92" count="87" type="stmt"/>
        <line num="93" count="2" type="cond" truecount="4" falsecount="2"/>
        <line num="94" count="2" type="stmt"/>
        <line num="100" count="87" type="stmt"/>
        <line num="101" count="1" type="stmt"/>
        <line num="103" count="1" type="stmt"/>
        <line num="108" count="87" type="stmt"/>
        <line num="109" count="2" type="cond" truecount="1" falsecount="1"/>
        <line num="110" count="2" type="cond" truecount="2" falsecount="0"/>
        <line num="113" count="2" type="stmt"/>
        <line num="114" count="2" type="stmt"/>
        <line num="115" count="2" type="stmt"/>
        <line num="117" count="2" type="cond" truecount="1" falsecount="1"/>
        <line num="118" count="0" type="cond" truecount="0" falsecount="2"/>
        <line num="119" count="0" type="stmt"/>
        <line num="121" count="0" type="stmt"/>
        <line num="123" count="0" type="stmt"/>
        <line num="127" count="2" type="cond" truecount="2" falsecount="0"/>
        <line num="128" count="1" type="stmt"/>
        <line num="130" count="1" type="stmt"/>
        <line num="133" count="2" type="cond" truecount="1" falsecount="1"/>
        <line num="138" count="2" type="stmt"/>
        <line num="144" count="87" type="stmt"/>
        <line num="145" count="0" type="stmt"/>
        <line num="146" count="0" type="stmt"/>
        <line num="151" count="87" type="stmt"/>
        <line num="153" count="261" type="stmt"/>
        <line num="154" count="696" type="stmt"/>
        <line num="156" count="261" type="cond" truecount="2" falsecount="0"/>
        <line num="157" count="229" type="stmt"/>
        <line num="159" count="261" type="stmt"/>
        <line num="164" count="87" type="stmt"/>
        <line num="183" count="522" type="stmt"/>
        <line num="188" count="6" type="stmt"/>
        <line num="202" count="19" type="stmt"/>
        <line num="210" count="229" type="stmt"/>
        <line num="215" count="582" type="cond" truecount="2" falsecount="0"/>
        <line num="217" count="582" type="stmt"/>
        <line num="225" count="6" type="stmt"/>
        <line num="243" count="2" type="stmt"/>
        <line num="259" count="0" type="stmt"/>
        <line num="266" count="1" type="stmt"/>
        <line num="267" count="1" type="stmt"/>
        <line num="282" count="2" type="stmt"/>
        <line num="283" count="2" type="stmt"/>
        <line num="296" count="2" type="stmt"/>
        <line num="301" count="1" type="stmt"/>
        <line num="325" count="2" type="stmt"/>
        <line num="339" count="1" type="stmt"/>
        <line num="357" count="1" type="stmt"/>
        <line num="358" count="1" type="stmt"/>
        <line num="368" count="1" type="stmt"/>
        <line num="374" count="0" type="stmt"/>
        <line num="400" count="1" type="stmt"/>
        <line num="401" count="1" type="stmt"/>
        <line num="411" count="1" type="stmt"/>
        <line num="417" count="0" type="stmt"/>
        <line num="436" count="1" type="stmt"/>
      </file>
    </package>
    <package name="components.Steps.Step6">
      <metrics statements="165" coveredstatements="150" conditionals="253" coveredconditionals="218" methods="33" coveredmethods="23"/>
      <file name="Step6.jsx" path="/Users/suhas/Suhas/Medlaunch /Medlaunch-FE-MultiStep-Form-Challenge/src/components/Steps/Step6/Step6.jsx">
        <metrics statements="165" coveredstatements="150" conditionals="253" coveredconditionals="218" methods="33" coveredmethods="23"/>
        <line num="9" count="1" type="stmt"/>
        <line num="10" count="65" type="stmt"/>
        <line num="11" count="65" type="stmt"/>
        <line num="12" count="65" type="stmt"/>
        <line num="20" count="65" type="stmt"/>
        <line num="21" count="11" type="stmt"/>
        <line num="27" count="65" type="stmt"/>
        <line num="29" count="2" type="stmt"/>
        <line num="30" count="2" type="stmt"/>
        <line num="31" count="2" type="stmt"/>
        <line num="33" count="2" type="stmt"/>
        <line num="37" count="65" type="stmt"/>
        <line num="38" count="5" type="cond" truecount="4" falsecount="2"/>
        <line num="39" count="0" type="stmt"/>
        <line num="43" count="65" type="stmt"/>
        <line num="44" count="1" type="stmt"/>
        <line num="47" count="1" type="stmt"/>
        <line num="48" count="1" type="stmt"/>
        <line num="53" count="1" type="stmt"/>
        <line num="58" count="1" type="stmt"/>
        <line num="63" count="1" type="stmt"/>
        <line num="68" count="1" type="stmt"/>
        <line num="73" count="1" type="stmt"/>
        <line num="78" count="1" type="stmt"/>
        <line num="83" count="1" type="stmt"/>
        <line num="90" count="1" type="stmt"/>
        <line num="97" count="1" type="stmt"/>
        <line num="102" count="1" type="stmt"/>
        <line num="107" count="1" type="stmt"/>
        <line num="114" count="1" type="stmt"/>
        <line num="119" count="1" type="stmt"/>
        <line num="124" count="1" type="stmt"/>
        <line num="131" count="1" type="stmt"/>
        <line num="138" count="1" type="stmt"/>
        <line num="143" count="1" type="stmt"/>
        <line num="148" count="1" type="stmt"/>
        <line num="157" count="1" type="stmt"/>
        <line num="166" count="1" type="stmt"/>
        <line num="170" count="0" type="cond" truecount="0" falsecount="2"/>
        <line num="175" count="1" type="cond" truecount="1" falsecount="1"/>
        <line num="177" count="0" type="stmt"/>
        <line num="180" count="1" type="stmt"/>
        <line num="187" count="1" type="stmt"/>
        <line num="194" count="1" type="stmt"/>
        <line num="199" count="1" type="stmt"/>
        <line num="205" count="1" type="cond" truecount="1" falsecount="1"/>
        <line num="206" count="0" type="stmt"/>
        <line num="212" count="1" type="cond" truecount="1" falsecount="1"/>
        <line num="213" count="0" type="stmt"/>
        <line num="221" count="1" type="stmt"/>
        <line num="223" count="78" type="stmt"/>
        <line num="228" count="1" type="stmt"/>
        <line num="229" count="1" type="stmt"/>
        <line num="230" count="1" type="stmt"/>
        <line num="231" count="1" type="stmt"/>
        <line num="232" count="1" type="stmt"/>
        <line num="236" count="1" type="stmt"/>
        <line num="237" count="1" type="stmt"/>
        <line num="238" count="1" type="stmt"/>
        <line num="239" count="1" type="stmt"/>
        <line num="243" count="65" type="stmt"/>
        <line num="244" count="1" type="cond" truecount="1" falsecount="1"/>
        <line num="246" count="0" type="stmt"/>
        <line num="250" count="1" type="stmt"/>
        <line num="251" count="1" type="stmt"/>
        <line num="252" count="1" type="stmt"/>
        <line num="253" count="1" type="stmt"/>
        <line num="254" count="1" type="stmt"/>
        <line num="255" count="1" type="stmt"/>
        <line num="258" count="1" type="cond" truecount="2" falsecount="0"/>
        <line num="259" count="28" type="cond" truecount="2" falsecount="0"/>
        <line num="260" count="1" type="stmt"/>
        <line num="261" count="1" type="stmt"/>
        <line num="263" count="28" type="stmt"/>
        <line num="264" count="28" type="cond" truecount="2" falsecount="0"/>
        <line num="265" count="28" type="stmt"/>
        <line num="266" count="28" type="stmt"/>
        <line num="269" count="1" type="stmt"/>
        <line num="270" count="5" type="stmt"/>
        <line num="271" count="5" type="stmt"/>
        <line num="272" count="5" type="stmt"/>
        <line num="273" count="5" type="stmt"/>
        <line num="274" count="5" type="stmt"/>
        <line num="275" count="5" type="stmt"/>
        <line num="276" count="5" type="stmt"/>
        <line num="277" count="5" type="stmt"/>
        <line num="278" count="5" type="stmt"/>
        <line num="279" count="5" type="stmt"/>
        <line num="283" count="1" type="stmt"/>
        <line num="284" count="1" type="stmt"/>
        <line num="285" count="1" type="stmt"/>
        <line num="286" count="1" type="stmt"/>
        <line num="287" count="1" type="stmt"/>
        <line num="288" count="1" type="stmt"/>
        <line num="289" count="1" type="stmt"/>
        <line num="290" count="1" type="stmt"/>
        <line num="291" count="1" type="stmt"/>
        <line num="292" count="1" type="stmt"/>
        <line num="293" count="1" type="stmt"/>
        <line num="296" count="1" type="stmt"/>
        <line num="297" count="1" type="stmt"/>
        <line num="301" count="1" type="stmt"/>
        <line num="305" count="1" type="stmt"/>
        <line num="306" count="1" type="stmt"/>
        <line num="307" count="1" type="stmt"/>
        <line num="311" count="1" type="cond" truecount="2" falsecount="0"/>
        <line num="312" count="1" type="stmt"/>
        <line num="313" count="1" type="stmt"/>
        <line num="314" count="1" type="stmt"/>
        <line num="322" count="1" type="stmt"/>
        <line num="323" count="1" type="stmt"/>
        <line num="329" count="1" type="stmt"/>
        <line num="330" count="1" type="stmt"/>
        <line num="331" count="1" type="stmt"/>
        <line num="337" count="1" type="stmt"/>
        <line num="338" count="1" type="cond" truecount="2" falsecount="0"/>
        <line num="339" count="1" type="stmt"/>
        <line num="340" count="1" type="stmt"/>
        <line num="341" count="1" type="stmt"/>
        <line num="347" count="1" type="stmt"/>
        <line num="348" count="1" type="cond" truecount="2" falsecount="0"/>
        <line num="349" count="1" type="stmt"/>
        <line num="350" count="1" type="stmt"/>
        <line num="351" count="1" type="stmt"/>
        <line num="357" count="1" type="stmt"/>
        <line num="358" count="1" type="cond" truecount="2" falsecount="0"/>
        <line num="359" count="1" type="stmt"/>
        <line num="367" count="1" type="stmt"/>
        <line num="368" count="1" type="stmt"/>
        <line num="378" count="1" type="stmt"/>
        <line num="381" count="0" type="cond" truecount="0" falsecount="2"/>
        <line num="388" count="1" type="stmt"/>
        <line num="389" count="1" type="stmt"/>
        <line num="397" count="1" type="stmt"/>
        <line num="405" count="1" type="stmt"/>
        <line num="409" count="1" type="stmt"/>
        <line num="416" count="1" type="cond" truecount="1" falsecount="1"/>
        <line num="417" count="0" type="stmt"/>
        <line num="422" count="1" type="cond" truecount="1" falsecount="1"/>
        <line num="423" count="0" type="stmt"/>
        <line num="430" count="1" type="stmt"/>
        <line num="435" count="65" type="stmt"/>
        <line num="445" count="3" type="stmt"/>
        <line num="458" count="1" type="stmt"/>
        <line num="459" count="1" type="stmt"/>
        <line num="520" count="2" type="stmt"/>
        <line num="533" count="1" type="stmt"/>
        <line num="534" count="1" type="stmt"/>
        <line num="558" count="2" type="stmt"/>
        <line num="571" count="1" type="stmt"/>
        <line num="572" count="1" type="stmt"/>
        <line num="659" count="2" type="stmt"/>
        <line num="672" count="1" type="stmt"/>
        <line num="673" count="1" type="stmt"/>
        <line num="702" count="0" type="stmt"/>
        <line num="721" count="2" type="stmt"/>
        <line num="734" count="1" type="stmt"/>
        <line num="735" count="1" type="stmt"/>
        <line num="749" count="0" type="stmt"/>
        <line num="753" count="0" type="stmt"/>
        <line num="755" count="0" type="stmt"/>
        <line num="761" count="0" type="stmt"/>
        <line num="780" count="0" type="stmt"/>
        <line num="849" count="6" type="stmt"/>
        <line num="881" count="1" type="stmt"/>
      </file>
    </package>
    <package name="components.common.Header">
      <metrics statements="2" coveredstatements="2" conditionals="0" coveredconditionals="0" methods="1" coveredmethods="1"/>
      <file name="Header.jsx" path="/Users/suhas/Suhas/Medlaunch /Medlaunch-FE-MultiStep-Form-Challenge/src/components/common/Header/Header.jsx">
        <metrics statements="2" coveredstatements="2" conditionals="0" coveredconditionals="0" methods="1" coveredmethods="1"/>
        <line num="3" count="2" type="stmt"/>
        <line num="4" count="32" type="stmt"/>
      </file>
    </package>
    <package name="components.common.Navigation">
      <metrics statements="2" coveredstatements="2" conditionals="7" coveredconditionals="7" methods="1" coveredmethods="1"/>
      <file name="Navigation.jsx" path="/Users/suhas/Suhas/Medlaunch /Medlaunch-FE-MultiStep-Form-Challenge/src/components/common/Navigation/Navigation.jsx">
        <metrics statements="2" coveredstatements="2" conditionals="7" coveredconditionals="7" methods="1" coveredmethods="1"/>
        <line num="3" count="7" type="stmt"/>
        <line num="12" count="493" type="stmt"/>
      </file>
    </package>
    <package name="components.common.ProgressBar">
      <metrics statements="9" coveredstatements="9" conditionals="6" coveredconditionals="6" methods="2" coveredmethods="2"/>
      <file name="ProgressBar.jsx" path="/Users/suhas/Suhas/Medlaunch /Medlaunch-FE-MultiStep-Form-Challenge/src/components/common/ProgressBar/ProgressBar.jsx">
        <metrics statements="9" coveredstatements="9" conditionals="6" coveredconditionals="6" methods="2" coveredmethods="2"/>
        <line num="4" count="2" type="stmt"/>
        <line num="5" count="31" type="stmt"/>
        <line num="7" count="31" type="stmt"/>
        <line num="16" count="31" type="stmt"/>
        <line num="25" count="31" type="stmt"/>
        <line num="38" count="186" type="stmt"/>
        <line num="39" count="186" type="stmt"/>
        <line num="40" count="186" type="stmt"/>
        <line num="42" count="186" type="stmt"/>
      </file>
    </package>
    <package name="components.common.SupportChat">
      <metrics statements="2" coveredstatements="2" conditionals="0" coveredconditionals="0" methods="1" coveredmethods="1"/>
      <file name="SupportChat.jsx" path="/Users/suhas/Suhas/Medlaunch /Medlaunch-FE-MultiStep-Form-Challenge/src/components/common/SupportChat/SupportChat.jsx">
        <metrics statements="2" coveredstatements="2" conditionals="0" coveredconditionals="0" methods="1" coveredmethods="1"/>
        <line num="4" count="2" type="stmt"/>
        <line num="5" count="30" type="stmt"/>
      </file>
    </package>
    <package name="contexts">
      <metrics statements="25" coveredstatements="25" conditionals="10" coveredconditionals="10" methods="11" coveredmethods="11"/>
      <file name="FormContext.jsx" path="/Users/suhas/Suhas/Medlaunch /Medlaunch-FE-MultiStep-Form-Challenge/src/contexts/FormContext.jsx">
        <metrics statements="25" coveredstatements="25" conditionals="10" coveredconditionals="10" methods="11" coveredmethods="11"/>
        <line num="3" count="9" type="stmt"/>
        <line num="5" count="9" type="stmt"/>
        <line num="59" count="281" type="stmt"/>
        <line num="60" count="281" type="stmt"/>
        <line num="62" count="281" type="stmt"/>
        <line num="63" count="40" type="stmt"/>
        <line num="66" count="281" type="stmt"/>
        <line num="67" count="14" type="cond" truecount="2" falsecount="0"/>
        <line num="68" count="12" type="stmt"/>
        <line num="72" count="281" type="stmt"/>
        <line num="73" count="6" type="cond" truecount="2" falsecount="0"/>
        <line num="74" count="1" type="stmt"/>
        <line num="78" count="281" type="stmt"/>
        <line num="79" count="32" type="cond" truecount="4" falsecount="0"/>
        <line num="80" count="28" type="stmt"/>
        <line num="84" count="281" type="stmt"/>
        <line num="85" count="3" type="stmt"/>
        <line num="86" count="3" type="stmt"/>
        <line num="90" count="281" type="stmt"/>
        <line num="91" count="25" type="stmt"/>
        <line num="94" count="281" type="stmt"/>
        <line num="113" count="591" type="stmt"/>
        <line num="114" count="590" type="cond" truecount="2" falsecount="0"/>
        <line num="115" count="2" type="stmt"/>
        <line num="117" count="588" type="stmt"/>
      </file>
    </package>
  </project>
</coverage>
