{"/Users/suhas/Suhas/Medlaunch /Medlaunch-FE-MultiStep-Form-Challenge/src/components/MultiStepForm/MultiStepForm.jsx": {"path":"/Users/suhas/Suhas/Medlaunch /Medlaunch-FE-MultiStep-Form-Challenge/src/components/MultiStepForm/MultiStepForm.jsx","statementMap":{"0":{"start":{"line":14,"column":22},"end":{"line":44,"column":1}},"1":{"start":{"line":15,"column":46},"end":{"line":15,"column":62}},"2":{"start":{"line":17,"column":21},"end":{"line":34,"column":3}},"3":{"start":{"line":18,"column":4},"end":{"line":33,"column":5}},"4":{"start":{"line":20,"column":8},"end":{"line":20,"column":25}},"5":{"start":{"line":22,"column":8},"end":{"line":22,"column":25}},"6":{"start":{"line":24,"column":8},"end":{"line":24,"column":25}},"7":{"start":{"line":26,"column":8},"end":{"line":26,"column":25}},"8":{"start":{"line":28,"column":8},"end":{"line":28,"column":25}},"9":{"start":{"line":30,"column":8},"end":{"line":30,"column":25}},"10":{"start":{"line":32,"column":8},"end":{"line":32,"column":25}},"11":{"start":{"line":36,"column":2},"end":{"line":43,"column":4}}},"fnMap":{"0":{"name":"(anonymous_0)","decl":{"start":{"line":14,"column":22},"end":{"line":14,"column":23}},"loc":{"start":{"line":14,"column":28},"end":{"line":44,"column":1}},"line":14},"1":{"name":"(anonymous_1)","decl":{"start":{"line":17,"column":21},"end":{"line":17,"column":22}},"loc":{"start":{"line":17,"column":27},"end":{"line":34,"column":3}},"line":17}},"branchMap":{"0":{"loc":{"start":{"line":18,"column":4},"end":{"line":33,"column":5}},"type":"switch","locations":[{"start":{"line":19,"column":6},"end":{"line":20,"column":25}},{"start":{"line":21,"column":6},"end":{"line":22,"column":25}},{"start":{"line":23,"column":6},"end":{"line":24,"column":25}},{"start":{"line":25,"column":6},"end":{"line":26,"column":25}},{"start":{"line":27,"column":6},"end":{"line":28,"column":25}},{"start":{"line":29,"column":6},"end":{"line":30,"column":25}},{"start":{"line":31,"column":6},"end":{"line":32,"column":25}}],"line":18}},"s":{"0":1,"1":27,"2":27,"3":27,"4":17,"5":2,"6":2,"7":2,"8":2,"9":2,"10":0,"11":27},"f":{"0":27,"1":27},"b":{"0":[17,2,2,2,2,2,0]},"_coverageSchema":"1a1c01bbd47fc00a2c39e90264f33305004495a9","hash":"cfe3e3f5f10e3dca2abac486ccee3ee4c55fe838"}
,"/Users/suhas/Suhas/Medlaunch /Medlaunch-FE-MultiStep-Form-Challenge/src/components/Steps/Step1/Step1.jsx": {"path":"/Users/suhas/Suhas/Medlaunch /Medlaunch-FE-MultiStep-Form-Challenge/src/components/Steps/Step1/Step1.jsx","statementMap":{"0":{"start":{"line":8,"column":14},"end":{"line":387,"column":1}},"1":{"start":{"line":9,"column":60},"end":{"line":9,"column":76}},"2":{"start":{"line":10,"column":44},"end":{"line":12,"column":3}},"3":{"start":{"line":21,"column":6},"end":{"line":24,"column":4}},"4":{"start":{"line":26,"column":28},"end":{"line":26,"column":54}},"5":{"start":{"line":27,"column":26},"end":{"line":27,"column":50}},"6":{"start":{"line":28,"column":16},"end":{"line":28,"column":30}},"7":{"start":{"line":30,"column":23},"end":{"line":30,"column":72}},"8":{"start":{"line":32,"column":19},"end":{"line":35,"column":3}},"9":{"start":{"line":33,"column":4},"end":{"line":33,"column":47}},"10":{"start":{"line":34,"column":4},"end":{"line":34,"column":15}},"11":{"start":{"line":37,"column":34},"end":{"line":47,"column":3}},"12":{"start":{"line":38,"column":20},"end":{"line":38,"column":36}},"13":{"start":{"line":39,"column":4},"end":{"line":39,"column":43}},"14":{"start":{"line":40,"column":4},"end":{"line":40,"column":51}},"15":{"start":{"line":42,"column":4},"end":{"line":46,"column":5}},"16":{"start":{"line":43,"column":6},"end":{"line":43,"column":51}},"17":{"start":{"line":45,"column":6},"end":{"line":45,"column":38}},"18":{"start":{"line":49,"column":21},"end":{"line":53,"column":3}},"19":{"start":{"line":50,"column":26},"end":{"line":50,"column":33}},"20":{"start":{"line":51,"column":4},"end":{"line":51,"column":34}},"21":{"start":{"line":52,"column":4},"end":{"line":52,"column":29}},"22":{"start":{"line":55,"column":28},"end":{"line":58,"column":3}},"23":{"start":{"line":56,"column":4},"end":{"line":56,"column":27}},"24":{"start":{"line":57,"column":4},"end":{"line":57,"column":44}},"25":{"start":{"line":60,"column":27},"end":{"line":64,"column":3}},"26":{"start":{"line":61,"column":4},"end":{"line":61,"column":26}},"27":{"start":{"line":62,"column":4},"end":{"line":62,"column":28}},"28":{"start":{"line":63,"column":4},"end":{"line":63,"column":56}},"29":{"start":{"line":66,"column":34},"end":{"line":73,"column":3}},"30":{"start":{"line":67,"column":18},"end":{"line":67,"column":32}},"31":{"start":{"line":68,"column":4},"end":{"line":72,"column":5}},"32":{"start":{"line":69,"column":6},"end":{"line":69,"column":43}},"33":{"start":{"line":70,"column":6},"end":{"line":70,"column":38}},"34":{"start":{"line":71,"column":6},"end":{"line":71,"column":72}},"35":{"start":{"line":75,"column":21},"end":{"line":95,"column":3}},"36":{"start":{"line":76,"column":4},"end":{"line":94,"column":5}},"37":{"start":{"line":81,"column":6},"end":{"line":81,"column":18}},"38":{"start":{"line":82,"column":6},"end":{"line":92,"column":9}},"39":{"start":{"line":93,"column":6},"end":{"line":93,"column":30}},"40":{"start":{"line":97,"column":2},"end":{"line":386,"column":4}},"41":{"start":{"line":255,"column":20},"end":{"line":266,"column":21}},"42":{"start":{"line":265,"column":22},"end":{"line":265,"column":41}},"43":{"start":{"line":291,"column":20},"end":{"line":302,"column":21}},"44":{"start":{"line":301,"column":22},"end":{"line":301,"column":41}},"45":{"start":{"line":335,"column":20},"end":{"line":338,"column":21}},"46":{"start":{"line":336,"column":22},"end":{"line":336,"column":46}},"47":{"start":{"line":337,"column":22},"end":{"line":337,"column":63}}},"fnMap":{"0":{"name":"(anonymous_0)","decl":{"start":{"line":8,"column":14},"end":{"line":8,"column":15}},"loc":{"start":{"line":8,"column":20},"end":{"line":387,"column":1}},"line":8},"1":{"name":"(anonymous_1)","decl":{"start":{"line":32,"column":19},"end":{"line":32,"column":20}},"loc":{"start":{"line":32,"column":29},"end":{"line":35,"column":3}},"line":32},"2":{"name":"(anonymous_2)","decl":{"start":{"line":37,"column":34},"end":{"line":37,"column":35}},"loc":{"start":{"line":37,"column":41},"end":{"line":47,"column":3}},"line":37},"3":{"name":"(anonymous_3)","decl":{"start":{"line":49,"column":21},"end":{"line":49,"column":22}},"loc":{"start":{"line":49,"column":27},"end":{"line":53,"column":3}},"line":49},"4":{"name":"(anonymous_4)","decl":{"start":{"line":55,"column":28},"end":{"line":55,"column":29}},"loc":{"start":{"line":55,"column":34},"end":{"line":58,"column":3}},"line":55},"5":{"name":"(anonymous_5)","decl":{"start":{"line":60,"column":27},"end":{"line":60,"column":28}},"loc":{"start":{"line":60,"column":33},"end":{"line":64,"column":3}},"line":60},"6":{"name":"(anonymous_6)","decl":{"start":{"line":66,"column":34},"end":{"line":66,"column":35}},"loc":{"start":{"line":66,"column":41},"end":{"line":73,"column":3}},"line":66},"7":{"name":"(anonymous_7)","decl":{"start":{"line":75,"column":21},"end":{"line":75,"column":22}},"loc":{"start":{"line":75,"column":27},"end":{"line":95,"column":3}},"line":75},"8":{"name":"(anonymous_8)","decl":{"start":{"line":254,"column":29},"end":{"line":254,"column":30}},"loc":{"start":{"line":254,"column":36},"end":{"line":267,"column":19}},"line":254},"9":{"name":"(anonymous_9)","decl":{"start":{"line":290,"column":29},"end":{"line":290,"column":30}},"loc":{"start":{"line":290,"column":36},"end":{"line":303,"column":19}},"line":290},"10":{"name":"(anonymous_10)","decl":{"start":{"line":334,"column":28},"end":{"line":334,"column":29}},"loc":{"start":{"line":334,"column":34},"end":{"line":339,"column":19}},"line":334}},"branchMap":{"0":{"loc":{"start":{"line":11,"column":4},"end":{"line":11,"column":35}},"type":"binary-expr","locations":[{"start":{"line":11,"column":4},"end":{"line":11,"column":26}},{"start":{"line":11,"column":30},"end":{"line":11,"column":35}}],"line":11},"1":{"loc":{"start":{"line":30,"column":23},"end":{"line":30,"column":72}},"type":"binary-expr","locations":[{"start":{"line":30,"column":23},"end":{"line":30,"column":28}},{"start":{"line":30,"column":32},"end":{"line":30,"column":72}}],"line":30},"2":{"loc":{"start":{"line":42,"column":4},"end":{"line":46,"column":5}},"type":"if","locations":[{"start":{"line":42,"column":4},"end":{"line":46,"column":5}},{"start":{"line":44,"column":11},"end":{"line":46,"column":5}}],"line":42},"3":{"loc":{"start":{"line":68,"column":4},"end":{"line":72,"column":5}},"type":"if","locations":[{"start":{"line":68,"column":4},"end":{"line":72,"column":5}},{"start":{},"end":{}}],"line":68},"4":{"loc":{"start":{"line":76,"column":4},"end":{"line":94,"column":5}},"type":"if","locations":[{"start":{"line":76,"column":4},"end":{"line":94,"column":5}},{"start":{},"end":{}}],"line":76},"5":{"loc":{"start":{"line":117,"column":18},"end":{"line":117,"column":60}},"type":"cond-expr","locations":[{"start":{"line":117,"column":43},"end":{"line":117,"column":55}},{"start":{"line":117,"column":58},"end":{"line":117,"column":60}}],"line":117},"6":{"loc":{"start":{"line":120,"column":15},"end":{"line":124,"column":15}},"type":"binary-expr","locations":[{"start":{"line":120,"column":15},"end":{"line":120,"column":37}},{"start":{"line":121,"column":16},"end":{"line":123,"column":23}}],"line":120},"7":{"loc":{"start":{"line":138,"column":18},"end":{"line":138,"column":60}},"type":"cond-expr","locations":[{"start":{"line":138,"column":43},"end":{"line":138,"column":55}},{"start":{"line":138,"column":58},"end":{"line":138,"column":60}}],"line":138},"8":{"loc":{"start":{"line":142,"column":15},"end":{"line":146,"column":15}},"type":"binary-expr","locations":[{"start":{"line":142,"column":15},"end":{"line":142,"column":37}},{"start":{"line":143,"column":16},"end":{"line":145,"column":23}}],"line":142},"9":{"loc":{"start":{"line":182,"column":20},"end":{"line":182,"column":56}},"type":"cond-expr","locations":[{"start":{"line":182,"column":39},"end":{"line":182,"column":51}},{"start":{"line":182,"column":54},"end":{"line":182,"column":56}}],"line":182},"10":{"loc":{"start":{"line":185,"column":17},"end":{"line":189,"column":17}},"type":"binary-expr","locations":[{"start":{"line":185,"column":17},"end":{"line":185,"column":33}},{"start":{"line":186,"column":18},"end":{"line":188,"column":25}}],"line":185},"11":{"loc":{"start":{"line":206,"column":20},"end":{"line":206,"column":55}},"type":"cond-expr","locations":[{"start":{"line":206,"column":38},"end":{"line":206,"column":50}},{"start":{"line":206,"column":53},"end":{"line":206,"column":55}}],"line":206},"12":{"loc":{"start":{"line":209,"column":17},"end":{"line":213,"column":17}},"type":"binary-expr","locations":[{"start":{"line":209,"column":17},"end":{"line":209,"column":32}},{"start":{"line":210,"column":18},"end":{"line":212,"column":25}}],"line":209},"13":{"loc":{"start":{"line":231,"column":18},"end":{"line":231,"column":50}},"type":"cond-expr","locations":[{"start":{"line":231,"column":33},"end":{"line":231,"column":45}},{"start":{"line":231,"column":48},"end":{"line":231,"column":50}}],"line":231},"14":{"loc":{"start":{"line":234,"column":15},"end":{"line":236,"column":15}},"type":"binary-expr","locations":[{"start":{"line":234,"column":15},"end":{"line":234,"column":27}},{"start":{"line":235,"column":16},"end":{"line":235,"column":80}}],"line":234},"15":{"loc":{"start":{"line":255,"column":20},"end":{"line":266,"column":21}},"type":"if","locations":[{"start":{"line":255,"column":20},"end":{"line":266,"column":21}},{"start":{},"end":{}}],"line":255},"16":{"loc":{"start":{"line":256,"column":22},"end":{"line":263,"column":39}},"type":"binary-expr","locations":[{"start":{"line":256,"column":22},"end":{"line":256,"column":42}},{"start":{"line":257,"column":22},"end":{"line":263,"column":39}}],"line":256},"17":{"loc":{"start":{"line":269,"column":20},"end":{"line":269,"column":56}},"type":"cond-expr","locations":[{"start":{"line":269,"column":39},"end":{"line":269,"column":51}},{"start":{"line":269,"column":54},"end":{"line":269,"column":56}}],"line":269},"18":{"loc":{"start":{"line":272,"column":17},"end":{"line":276,"column":17}},"type":"binary-expr","locations":[{"start":{"line":272,"column":17},"end":{"line":272,"column":33}},{"start":{"line":273,"column":18},"end":{"line":275,"column":25}}],"line":272},"19":{"loc":{"start":{"line":291,"column":20},"end":{"line":302,"column":21}},"type":"if","locations":[{"start":{"line":291,"column":20},"end":{"line":302,"column":21}},{"start":{},"end":{}}],"line":291},"20":{"loc":{"start":{"line":292,"column":22},"end":{"line":299,"column":39}},"type":"binary-expr","locations":[{"start":{"line":292,"column":22},"end":{"line":292,"column":42}},{"start":{"line":293,"column":22},"end":{"line":299,"column":39}}],"line":292},"21":{"loc":{"start":{"line":305,"column":20},"end":{"line":305,"column":56}},"type":"cond-expr","locations":[{"start":{"line":305,"column":39},"end":{"line":305,"column":51}},{"start":{"line":305,"column":54},"end":{"line":305,"column":56}}],"line":305},"22":{"loc":{"start":{"line":308,"column":17},"end":{"line":312,"column":17}},"type":"binary-expr","locations":[{"start":{"line":308,"column":17},"end":{"line":308,"column":33}},{"start":{"line":309,"column":18},"end":{"line":311,"column":25}}],"line":308},"23":{"loc":{"start":{"line":335,"column":20},"end":{"line":338,"column":21}},"type":"if","locations":[{"start":{"line":335,"column":20},"end":{"line":338,"column":21}},{"start":{},"end":{}}],"line":335},"24":{"loc":{"start":{"line":343,"column":18},"end":{"line":343,"column":50}},"type":"cond-expr","locations":[{"start":{"line":343,"column":33},"end":{"line":343,"column":45}},{"start":{"line":343,"column":48},"end":{"line":343,"column":50}}],"line":343},"25":{"loc":{"start":{"line":346,"column":15},"end":{"line":348,"column":15}},"type":"binary-expr","locations":[{"start":{"line":346,"column":15},"end":{"line":346,"column":27}},{"start":{"line":347,"column":16},"end":{"line":347,"column":80}}],"line":346},"26":{"loc":{"start":{"line":357,"column":28},"end":{"line":357,"column":58}},"type":"binary-expr","locations":[{"start":{"line":357,"column":28},"end":{"line":357,"column":41}},{"start":{"line":357,"column":45},"end":{"line":357,"column":58}}],"line":357},"27":{"loc":{"start":{"line":359,"column":19},"end":{"line":361,"column":47}},"type":"cond-expr","locations":[{"start":{"line":360,"column":22},"end":{"line":360,"column":41}},{"start":{"line":361,"column":22},"end":{"line":361,"column":47}}],"line":359},"28":{"loc":{"start":{"line":367,"column":20},"end":{"line":367,"column":72}},"type":"cond-expr","locations":[{"start":{"line":367,"column":36},"end":{"line":367,"column":51}},{"start":{"line":367,"column":54},"end":{"line":367,"column":72}}],"line":367},"29":{"loc":{"start":{"line":370,"column":19},"end":{"line":370,"column":62}},"type":"cond-expr","locations":[{"start":{"line":370,"column":35},"end":{"line":370,"column":45}},{"start":{"line":370,"column":48},"end":{"line":370,"column":62}}],"line":370}},"s":{"0":1,"1":202,"2":202,"3":202,"4":202,"5":202,"6":202,"7":202,"8":202,"9":1,"10":1,"11":202,"12":3,"13":3,"14":3,"15":3,"16":3,"17":0,"18":202,"19":1,"20":1,"21":1,"22":202,"23":2,"24":2,"25":202,"26":0,"27":0,"28":0,"29":202,"30":60,"31":60,"32":1,"33":1,"34":1,"35":202,"36":2,"37":2,"38":2,"39":2,"40":202,"41":13,"42":0,"43":10,"44":0,"45":61,"46":0,"47":0},"f":{"0":202,"1":1,"2":3,"3":1,"4":2,"5":0,"6":60,"7":2,"8":13,"9":10,"10":61},"b":{"0":[202,200],"1":[202,72],"2":[3,0],"3":[1,59],"4":[2,0],"5":[2,200],"6":[202,2],"7":[2,200],"8":[202,2],"9":[3,199],"10":[202,3],"11":[2,200],"12":[202,2],"13":[2,200],"14":[202,2],"15":[0,13],"16":[13,0],"17":[4,198],"18":[202,4],"19":[0,10],"20":[10,0],"21":[1,201],"22":[202,1],"23":[0,61],"24":[55,147],"25":[202,55],"26":[202,200],"27":[2,200],"28":[2,200],"29":[2,200]},"_coverageSchema":"1a1c01bbd47fc00a2c39e90264f33305004495a9","hash":"5fe128b955ab95007a3de3c8d9ea33184e39f11d"}
,"/Users/suhas/Suhas/Medlaunch /Medlaunch-FE-MultiStep-Form-Challenge/src/components/Steps/Step2/Step2.jsx": {"path":"/Users/suhas/Suhas/Medlaunch /Medlaunch-FE-MultiStep-Form-Challenge/src/components/Steps/Step2/Step2.jsx","statementMap":{"0":{"start":{"line":6,"column":14},"end":{"line":92,"column":1}},"1":{"start":{"line":7,"column":63},"end":{"line":7,"column":79}},"2":{"start":{"line":14,"column":6},"end":{"line":16,"column":4}},"3":{"start":{"line":18,"column":19},"end":{"line":21,"column":3}},"4":{"start":{"line":19,"column":4},"end":{"line":19,"column":25}},"5":{"start":{"line":20,"column":4},"end":{"line":20,"column":15}},"6":{"start":{"line":23,"column":21},"end":{"line":27,"column":3}},"7":{"start":{"line":24,"column":26},"end":{"line":24,"column":33}},"8":{"start":{"line":25,"column":4},"end":{"line":25,"column":34}},"9":{"start":{"line":26,"column":4},"end":{"line":26,"column":29}},"10":{"start":{"line":29,"column":24},"end":{"line":36,"column":3}},"11":{"start":{"line":38,"column":2},"end":{"line":91,"column":4}},"12":{"start":{"line":54,"column":18},"end":{"line":70,"column":24}}},"fnMap":{"0":{"name":"(anonymous_0)","decl":{"start":{"line":6,"column":14},"end":{"line":6,"column":15}},"loc":{"start":{"line":6,"column":20},"end":{"line":92,"column":1}},"line":6},"1":{"name":"(anonymous_1)","decl":{"start":{"line":18,"column":19},"end":{"line":18,"column":20}},"loc":{"start":{"line":18,"column":29},"end":{"line":21,"column":3}},"line":18},"2":{"name":"(anonymous_2)","decl":{"start":{"line":23,"column":21},"end":{"line":23,"column":22}},"loc":{"start":{"line":23,"column":27},"end":{"line":27,"column":3}},"line":23},"3":{"name":"(anonymous_3)","decl":{"start":{"line":53,"column":35},"end":{"line":53,"column":36}},"loc":{"start":{"line":54,"column":18},"end":{"line":70,"column":24}},"line":54}},"branchMap":{"0":{"loc":{"start":{"line":73,"column":15},"end":{"line":77,"column":15}},"type":"binary-expr","locations":[{"start":{"line":73,"column":15},"end":{"line":73,"column":34}},{"start":{"line":74,"column":16},"end":{"line":76,"column":23}}],"line":73}},"s":{"0":1,"1":35,"2":35,"3":35,"4":1,"5":1,"6":35,"7":1,"8":1,"9":1,"10":35,"11":35,"12":210},"f":{"0":35,"1":1,"2":1,"3":210},"b":{"0":[35,1]},"_coverageSchema":"1a1c01bbd47fc00a2c39e90264f33305004495a9","hash":"319e82a2841e0624de357ffb03e1964b9c98166c"}
,"/Users/suhas/Suhas/Medlaunch /Medlaunch-FE-MultiStep-Form-Challenge/src/components/Steps/Step3/ContactSection.jsx": {"path":"/Users/suhas/Suhas/Medlaunch /Medlaunch-FE-MultiStep-Form-Challenge/src/components/Steps/Step3/ContactSection.jsx","statementMap":{"0":{"start":{"line":3,"column":23},"end":{"line":151,"column":1}},"1":{"start":{"line":13,"column":23},"end":{"line":13,"column":53}},"2":{"start":{"line":13,"column":34},"end":{"line":13,"column":53}},"3":{"start":{"line":15,"column":2},"end":{"line":150,"column":4}},"4":{"start":{"line":24,"column":27},"end":{"line":24,"column":74}},"5":{"start":{"line":97,"column":12},"end":{"line":108,"column":13}},"6":{"start":{"line":107,"column":14},"end":{"line":107,"column":33}}},"fnMap":{"0":{"name":"(anonymous_0)","decl":{"start":{"line":3,"column":23},"end":{"line":3,"column":24}},"loc":{"start":{"line":12,"column":6},"end":{"line":151,"column":1}},"line":12},"1":{"name":"(anonymous_1)","decl":{"start":{"line":13,"column":23},"end":{"line":13,"column":24}},"loc":{"start":{"line":13,"column":34},"end":{"line":13,"column":53}},"line":13},"2":{"name":"(anonymous_2)","decl":{"start":{"line":24,"column":20},"end":{"line":24,"column":21}},"loc":{"start":{"line":24,"column":27},"end":{"line":24,"column":74}},"line":24},"3":{"name":"(anonymous_3)","decl":{"start":{"line":96,"column":21},"end":{"line":96,"column":22}},"loc":{"start":{"line":96,"column":28},"end":{"line":109,"column":11}},"line":96}},"branchMap":{"0":{"loc":{"start":{"line":10,"column":2},"end":{"line":10,"column":17}},"type":"default-arg","locations":[{"start":{"line":10,"column":13},"end":{"line":10,"column":17}}],"line":10},"1":{"loc":{"start":{"line":34,"column":24},"end":{"line":34,"column":78}},"type":"binary-expr","locations":[{"start":{"line":34,"column":24},"end":{"line":34,"column":32}},{"start":{"line":34,"column":36},"end":{"line":34,"column":78}}],"line":34},"2":{"loc":{"start":{"line":38,"column":24},"end":{"line":38,"column":76}},"type":"cond-expr","locations":[{"start":{"line":38,"column":35},"end":{"line":38,"column":68}},{"start":{"line":38,"column":71},"end":{"line":38,"column":76}}],"line":38},"3":{"loc":{"start":{"line":46,"column":14},"end":{"line":46,"column":67}},"type":"cond-expr","locations":[{"start":{"line":46,"column":50},"end":{"line":46,"column":62}},{"start":{"line":46,"column":65},"end":{"line":46,"column":67}}],"line":46},"4":{"loc":{"start":{"line":50,"column":11},"end":{"line":54,"column":11}},"type":"binary-expr","locations":[{"start":{"line":50,"column":11},"end":{"line":50,"column":44}},{"start":{"line":51,"column":12},"end":{"line":53,"column":19}}],"line":50},"5":{"loc":{"start":{"line":58,"column":23},"end":{"line":58,"column":77}},"type":"binary-expr","locations":[{"start":{"line":58,"column":23},"end":{"line":58,"column":31}},{"start":{"line":58,"column":35},"end":{"line":58,"column":77}}],"line":58},"6":{"loc":{"start":{"line":62,"column":24},"end":{"line":62,"column":75}},"type":"cond-expr","locations":[{"start":{"line":62,"column":35},"end":{"line":62,"column":67}},{"start":{"line":62,"column":70},"end":{"line":62,"column":75}}],"line":62},"7":{"loc":{"start":{"line":70,"column":14},"end":{"line":70,"column":66}},"type":"cond-expr","locations":[{"start":{"line":70,"column":49},"end":{"line":70,"column":61}},{"start":{"line":70,"column":64},"end":{"line":70,"column":66}}],"line":70},"8":{"loc":{"start":{"line":74,"column":11},"end":{"line":78,"column":11}},"type":"binary-expr","locations":[{"start":{"line":74,"column":11},"end":{"line":74,"column":43}},{"start":{"line":75,"column":12},"end":{"line":77,"column":19}}],"line":74},"9":{"loc":{"start":{"line":84,"column":17},"end":{"line":84,"column":71}},"type":"binary-expr","locations":[{"start":{"line":84,"column":17},"end":{"line":84,"column":25}},{"start":{"line":84,"column":29},"end":{"line":84,"column":71}}],"line":84},"10":{"loc":{"start":{"line":88,"column":22},"end":{"line":88,"column":69}},"type":"cond-expr","locations":[{"start":{"line":88,"column":33},"end":{"line":88,"column":61}},{"start":{"line":88,"column":64},"end":{"line":88,"column":69}}],"line":88},"11":{"loc":{"start":{"line":97,"column":12},"end":{"line":108,"column":13}},"type":"if","locations":[{"start":{"line":97,"column":12},"end":{"line":108,"column":13}},{"start":{},"end":{}}],"line":97},"12":{"loc":{"start":{"line":98,"column":14},"end":{"line":105,"column":31}},"type":"binary-expr","locations":[{"start":{"line":98,"column":14},"end":{"line":98,"column":34}},{"start":{"line":99,"column":14},"end":{"line":105,"column":31}}],"line":98},"13":{"loc":{"start":{"line":111,"column":12},"end":{"line":111,"column":61}},"type":"cond-expr","locations":[{"start":{"line":111,"column":44},"end":{"line":111,"column":56}},{"start":{"line":111,"column":59},"end":{"line":111,"column":61}}],"line":111},"14":{"loc":{"start":{"line":115,"column":9},"end":{"line":119,"column":9}},"type":"binary-expr","locations":[{"start":{"line":115,"column":9},"end":{"line":115,"column":38}},{"start":{"line":116,"column":10},"end":{"line":118,"column":17}}],"line":115},"15":{"loc":{"start":{"line":124,"column":17},"end":{"line":124,"column":71}},"type":"binary-expr","locations":[{"start":{"line":124,"column":17},"end":{"line":124,"column":25}},{"start":{"line":124,"column":29},"end":{"line":124,"column":71}}],"line":124},"16":{"loc":{"start":{"line":128,"column":22},"end":{"line":128,"column":69}},"type":"cond-expr","locations":[{"start":{"line":128,"column":33},"end":{"line":128,"column":61}},{"start":{"line":128,"column":64},"end":{"line":128,"column":69}}],"line":128},"17":{"loc":{"start":{"line":136,"column":12},"end":{"line":136,"column":61}},"type":"cond-expr","locations":[{"start":{"line":136,"column":44},"end":{"line":136,"column":56}},{"start":{"line":136,"column":59},"end":{"line":136,"column":61}}],"line":136},"18":{"loc":{"start":{"line":140,"column":9},"end":{"line":144,"column":9}},"type":"binary-expr","locations":[{"start":{"line":140,"column":9},"end":{"line":140,"column":38}},{"start":{"line":141,"column":10},"end":{"line":143,"column":17}}],"line":140}},"s":{"0":2,"1":194,"2":2384,"3":194,"4":8,"5":0,"6":0},"f":{"0":194,"1":2384,"2":8,"3":0},"b":{"0":[0],"1":[194,134],"2":[134,60],"3":[14,180],"4":[194,14],"5":[194,134],"6":[134,60],"7":[14,180],"8":[194,14],"9":[194,134],"10":[134,60],"11":[0,0],"12":[0,0],"13":[14,180],"14":[194,14],"15":[194,134],"16":[134,60],"17":[14,180],"18":[194,14]},"_coverageSchema":"1a1c01bbd47fc00a2c39e90264f33305004495a9","hash":"d2e4fa4ea5d8aae1c984d8d68cacc2b3aba3df4a"}
,"/Users/suhas/Suhas/Medlaunch /Medlaunch-FE-MultiStep-Form-Challenge/src/components/Steps/Step3/Step3.jsx": {"path":"/Users/suhas/Suhas/Medlaunch /Medlaunch-FE-MultiStep-Form-Challenge/src/components/Steps/Step3/Step3.jsx","statementMap":{"0":{"start":{"line":8,"column":14},"end":{"line":339,"column":1}},"1":{"start":{"line":9,"column":63},"end":{"line":9,"column":79}},"2":{"start":{"line":20,"column":6},"end":{"line":23,"column":4}},"3":{"start":{"line":25,"column":27},"end":{"line":25,"column":52}},"4":{"start":{"line":26,"column":31},"end":{"line":26,"column":60}},"5":{"start":{"line":27,"column":33},"end":{"line":27,"column":64}},"6":{"start":{"line":30,"column":2},"end":{"line":60,"column":5}},"7":{"start":{"line":31,"column":28},"end":{"line":45,"column":5}},"8":{"start":{"line":32,"column":6},"end":{"line":44,"column":7}},"9":{"start":{"line":33,"column":8},"end":{"line":33,"column":59}},"10":{"start":{"line":34,"column":8},"end":{"line":34,"column":57}},"11":{"start":{"line":35,"column":8},"end":{"line":35,"column":55}},"12":{"start":{"line":36,"column":8},"end":{"line":36,"column":51}},"13":{"start":{"line":38,"column":8},"end":{"line":43,"column":11}},"14":{"start":{"line":47,"column":4},"end":{"line":47,"column":45}},"15":{"start":{"line":48,"column":4},"end":{"line":48,"column":53}},"16":{"start":{"line":49,"column":4},"end":{"line":49,"column":57}},"17":{"start":{"line":62,"column":19},"end":{"line":65,"column":3}},"18":{"start":{"line":63,"column":4},"end":{"line":63,"column":25}},"19":{"start":{"line":64,"column":4},"end":{"line":64,"column":15}},"20":{"start":{"line":67,"column":36},"end":{"line":83,"column":3}},"21":{"start":{"line":68,"column":4},"end":{"line":68,"column":48}},"22":{"start":{"line":70,"column":4},"end":{"line":82,"column":5}},"23":{"start":{"line":71,"column":6},"end":{"line":71,"column":57}},"24":{"start":{"line":72,"column":6},"end":{"line":72,"column":55}},"25":{"start":{"line":73,"column":6},"end":{"line":73,"column":53}},"26":{"start":{"line":74,"column":6},"end":{"line":74,"column":49}},"27":{"start":{"line":76,"column":6},"end":{"line":81,"column":9}},"28":{"start":{"line":85,"column":21},"end":{"line":89,"column":3}},"29":{"start":{"line":86,"column":26},"end":{"line":86,"column":37}},"30":{"start":{"line":87,"column":4},"end":{"line":87,"column":34}},"31":{"start":{"line":88,"column":4},"end":{"line":88,"column":29}},"32":{"start":{"line":91,"column":17},"end":{"line":142,"column":3}},"33":{"start":{"line":145,"column":26},"end":{"line":164,"column":3}},"34":{"start":{"line":166,"column":2},"end":{"line":338,"column":4}},"35":{"start":{"line":245,"column":24},"end":{"line":247,"column":25}},"36":{"start":{"line":246,"column":26},"end":{"line":246,"column":45}},"37":{"start":{"line":273,"column":24},"end":{"line":275,"column":33}},"38":{"start":{"line":300,"column":24},"end":{"line":311,"column":25}},"39":{"start":{"line":310,"column":26},"end":{"line":310,"column":45}}},"fnMap":{"0":{"name":"(anonymous_0)","decl":{"start":{"line":8,"column":14},"end":{"line":8,"column":15}},"loc":{"start":{"line":8,"column":20},"end":{"line":339,"column":1}},"line":8},"1":{"name":"(anonymous_1)","decl":{"start":{"line":30,"column":12},"end":{"line":30,"column":13}},"loc":{"start":{"line":30,"column":18},"end":{"line":50,"column":3}},"line":30},"2":{"name":"(anonymous_2)","decl":{"start":{"line":31,"column":28},"end":{"line":31,"column":29}},"loc":{"start":{"line":31,"column":57},"end":{"line":45,"column":5}},"line":31},"3":{"name":"(anonymous_3)","decl":{"start":{"line":62,"column":19},"end":{"line":62,"column":20}},"loc":{"start":{"line":62,"column":29},"end":{"line":65,"column":3}},"line":62},"4":{"name":"(anonymous_4)","decl":{"start":{"line":67,"column":36},"end":{"line":67,"column":37}},"loc":{"start":{"line":67,"column":63},"end":{"line":83,"column":3}},"line":67},"5":{"name":"(anonymous_5)","decl":{"start":{"line":85,"column":21},"end":{"line":85,"column":22}},"loc":{"start":{"line":85,"column":27},"end":{"line":89,"column":3}},"line":85},"6":{"name":"(anonymous_6)","decl":{"start":{"line":244,"column":33},"end":{"line":244,"column":34}},"loc":{"start":{"line":244,"column":40},"end":{"line":248,"column":23}},"line":244},"7":{"name":"(anonymous_7)","decl":{"start":{"line":272,"column":34},"end":{"line":272,"column":35}},"loc":{"start":{"line":273,"column":24},"end":{"line":275,"column":33}},"line":273},"8":{"name":"(anonymous_8)","decl":{"start":{"line":299,"column":33},"end":{"line":299,"column":34}},"loc":{"start":{"line":299,"column":40},"end":{"line":312,"column":23}},"line":299}},"branchMap":{"0":{"loc":{"start":{"line":32,"column":6},"end":{"line":44,"column":7}},"type":"if","locations":[{"start":{"line":32,"column":6},"end":{"line":44,"column":7}},{"start":{},"end":{}}],"line":32},"1":{"loc":{"start":{"line":70,"column":4},"end":{"line":82,"column":5}},"type":"if","locations":[{"start":{"line":70,"column":4},"end":{"line":82,"column":5}},{"start":{},"end":{}}],"line":70},"2":{"loc":{"start":{"line":220,"column":22},"end":{"line":220,"column":62}},"type":"cond-expr","locations":[{"start":{"line":220,"column":45},"end":{"line":220,"column":57}},{"start":{"line":220,"column":60},"end":{"line":220,"column":62}}],"line":220},"3":{"loc":{"start":{"line":223,"column":19},"end":{"line":227,"column":19}},"type":"binary-expr","locations":[{"start":{"line":223,"column":19},"end":{"line":223,"column":39}},{"start":{"line":224,"column":20},"end":{"line":226,"column":27}}],"line":223},"4":{"loc":{"start":{"line":245,"column":24},"end":{"line":247,"column":25}},"type":"if","locations":[{"start":{"line":245,"column":24},"end":{"line":247,"column":25}},{"start":{},"end":{}}],"line":245},"5":{"loc":{"start":{"line":250,"column":24},"end":{"line":250,"column":55}},"type":"cond-expr","locations":[{"start":{"line":250,"column":38},"end":{"line":250,"column":50}},{"start":{"line":250,"column":53},"end":{"line":250,"column":55}}],"line":250},"6":{"loc":{"start":{"line":253,"column":21},"end":{"line":257,"column":21}},"type":"binary-expr","locations":[{"start":{"line":253,"column":21},"end":{"line":253,"column":32}},{"start":{"line":254,"column":22},"end":{"line":256,"column":29}}],"line":253},"7":{"loc":{"start":{"line":268,"column":24},"end":{"line":268,"column":56}},"type":"cond-expr","locations":[{"start":{"line":268,"column":39},"end":{"line":268,"column":51}},{"start":{"line":268,"column":54},"end":{"line":268,"column":56}}],"line":268},"8":{"loc":{"start":{"line":278,"column":21},"end":{"line":282,"column":21}},"type":"binary-expr","locations":[{"start":{"line":278,"column":21},"end":{"line":278,"column":33}},{"start":{"line":279,"column":22},"end":{"line":281,"column":29}}],"line":278},"9":{"loc":{"start":{"line":300,"column":24},"end":{"line":311,"column":25}},"type":"if","locations":[{"start":{"line":300,"column":24},"end":{"line":311,"column":25}},{"start":{},"end":{}}],"line":300},"10":{"loc":{"start":{"line":301,"column":26},"end":{"line":308,"column":43}},"type":"binary-expr","locations":[{"start":{"line":301,"column":26},"end":{"line":301,"column":46}},{"start":{"line":302,"column":26},"end":{"line":308,"column":43}}],"line":301},"11":{"loc":{"start":{"line":314,"column":24},"end":{"line":314,"column":58}},"type":"cond-expr","locations":[{"start":{"line":314,"column":41},"end":{"line":314,"column":53}},{"start":{"line":314,"column":56},"end":{"line":314,"column":58}}],"line":314},"12":{"loc":{"start":{"line":317,"column":21},"end":{"line":321,"column":21}},"type":"binary-expr","locations":[{"start":{"line":317,"column":21},"end":{"line":317,"column":35}},{"start":{"line":318,"column":22},"end":{"line":320,"column":29}}],"line":317}},"s":{"0":1,"1":59,"2":59,"3":59,"4":59,"5":59,"6":59,"7":28,"8":84,"9":10,"10":10,"11":10,"12":10,"13":10,"14":28,"15":28,"16":28,"17":59,"18":0,"19":0,"20":59,"21":7,"22":7,"23":7,"24":7,"25":7,"26":7,"27":7,"28":59,"29":1,"30":1,"31":1,"32":59,"33":59,"34":59,"35":0,"36":0,"37":2950,"38":0,"39":0},"f":{"0":59,"1":28,"2":84,"3":0,"4":7,"5":1,"6":0,"7":2950,"8":0},"b":{"0":[10,74],"1":[7,0],"2":[2,57],"3":[59,2],"4":[0,0],"5":[2,57],"6":[59,2],"7":[2,57],"8":[59,2],"9":[0,0],"10":[0,0],"11":[2,57],"12":[59,2]},"_coverageSchema":"1a1c01bbd47fc00a2c39e90264f33305004495a9","hash":"29dff2bded8b9f3269dad7a61d73cc86a0147fbd"}
,"/Users/suhas/Suhas/Medlaunch /Medlaunch-FE-MultiStep-Form-Challenge/src/components/Steps/Step4/Step4.jsx": {"path":"/Users/suhas/Suhas/Medlaunch /Medlaunch-FE-MultiStep-Form-Challenge/src/components/Steps/Step4/Step4.jsx","statementMap":{"0":{"start":{"line":9,"column":14},"end":{"line":190,"column":1}},"1":{"start":{"line":10,"column":63},"end":{"line":10,"column":79}},"2":{"start":{"line":11,"column":28},"end":{"line":11,"column":40}},"3":{"start":{"line":13,"column":31},"end":{"line":16,"column":3}},"4":{"start":{"line":14,"column":4},"end":{"line":14,"column":37}},"5":{"start":{"line":15,"column":4},"end":{"line":15,"column":17}},"6":{"start":{"line":18,"column":27},"end":{"line":29,"column":3}},"7":{"start":{"line":19,"column":18},"end":{"line":19,"column":48}},"8":{"start":{"line":20,"column":21},"end":{"line":24,"column":7}},"9":{"start":{"line":20,"column":42},"end":{"line":24,"column":5}},"10":{"start":{"line":25,"column":4},"end":{"line":27,"column":7}},"11":{"start":{"line":28,"column":4},"end":{"line":28,"column":17}},"12":{"start":{"line":31,"column":27},"end":{"line":34,"column":3}},"13":{"start":{"line":32,"column":21},"end":{"line":32,"column":74}},"14":{"start":{"line":32,"column":58},"end":{"line":32,"column":73}},"15":{"start":{"line":33,"column":4},"end":{"line":33,"column":48}},"16":{"start":{"line":36,"column":21},"end":{"line":38,"column":3}},"17":{"start":{"line":37,"column":4},"end":{"line":37,"column":29}},"18":{"start":{"line":40,"column":25},"end":{"line":58,"column":3}},"19":{"start":{"line":42,"column":4},"end":{"line":45,"column":5}},"20":{"start":{"line":43,"column":6},"end":{"line":43,"column":61}},"21":{"start":{"line":44,"column":6},"end":{"line":44,"column":13}},"22":{"start":{"line":48,"column":4},"end":{"line":54,"column":5}},"23":{"start":{"line":52,"column":6},"end":{"line":52,"column":63}},"24":{"start":{"line":53,"column":6},"end":{"line":53,"column":13}},"25":{"start":{"line":56,"column":4},"end":{"line":56,"column":17}},"26":{"start":{"line":57,"column":4},"end":{"line":57,"column":15}},"27":{"start":{"line":60,"column":2},"end":{"line":189,"column":4}},"28":{"start":{"line":73,"column":29},"end":{"line":73,"column":59}},"29":{"start":{"line":85,"column":29},"end":{"line":85,"column":61}},"30":{"start":{"line":133,"column":37},"end":{"line":133,"column":67}},"31":{"start":{"line":143,"column":24},"end":{"line":168,"column":30}},"32":{"start":{"line":153,"column":45},"end":{"line":153,"column":66}},"33":{"start":{"line":163,"column":45},"end":{"line":163,"column":70}}},"fnMap":{"0":{"name":"(anonymous_0)","decl":{"start":{"line":9,"column":14},"end":{"line":9,"column":15}},"loc":{"start":{"line":9,"column":20},"end":{"line":190,"column":1}},"line":9},"1":{"name":"(anonymous_1)","decl":{"start":{"line":13,"column":31},"end":{"line":13,"column":32}},"loc":{"start":{"line":13,"column":49},"end":{"line":16,"column":3}},"line":13},"2":{"name":"(anonymous_2)","decl":{"start":{"line":18,"column":27},"end":{"line":18,"column":28}},"loc":{"start":{"line":18,"column":38},"end":{"line":29,"column":3}},"line":18},"3":{"name":"(anonymous_3)","decl":{"start":{"line":20,"column":31},"end":{"line":20,"column":32}},"loc":{"start":{"line":20,"column":42},"end":{"line":24,"column":5}},"line":20},"4":{"name":"(anonymous_4)","decl":{"start":{"line":31,"column":27},"end":{"line":31,"column":28}},"loc":{"start":{"line":31,"column":39},"end":{"line":34,"column":3}},"line":31},"5":{"name":"(anonymous_5)","decl":{"start":{"line":32,"column":51},"end":{"line":32,"column":52}},"loc":{"start":{"line":32,"column":58},"end":{"line":32,"column":73}},"line":32},"6":{"name":"(anonymous_6)","decl":{"start":{"line":36,"column":21},"end":{"line":36,"column":22}},"loc":{"start":{"line":36,"column":27},"end":{"line":38,"column":3}},"line":36},"7":{"name":"(anonymous_7)","decl":{"start":{"line":40,"column":25},"end":{"line":40,"column":26}},"loc":{"start":{"line":40,"column":31},"end":{"line":58,"column":3}},"line":40},"8":{"name":"(anonymous_8)","decl":{"start":{"line":73,"column":23},"end":{"line":73,"column":24}},"loc":{"start":{"line":73,"column":29},"end":{"line":73,"column":59}},"line":73},"9":{"name":"(anonymous_9)","decl":{"start":{"line":85,"column":23},"end":{"line":85,"column":24}},"loc":{"start":{"line":85,"column":29},"end":{"line":85,"column":61}},"line":85},"10":{"name":"(anonymous_10)","decl":{"start":{"line":133,"column":31},"end":{"line":133,"column":32}},"loc":{"start":{"line":133,"column":37},"end":{"line":133,"column":67}},"line":133},"11":{"name":"(anonymous_11)","decl":{"start":{"line":142,"column":50},"end":{"line":142,"column":51}},"loc":{"start":{"line":143,"column":24},"end":{"line":168,"column":30}},"line":143},"12":{"name":"(anonymous_12)","decl":{"start":{"line":153,"column":39},"end":{"line":153,"column":40}},"loc":{"start":{"line":153,"column":45},"end":{"line":153,"column":66}},"line":153},"13":{"name":"(anonymous_13)","decl":{"start":{"line":163,"column":39},"end":{"line":163,"column":40}},"loc":{"start":{"line":163,"column":45},"end":{"line":163,"column":70}},"line":163}},"branchMap":{"0":{"loc":{"start":{"line":26,"column":26},"end":{"line":26,"column":54}},"type":"binary-expr","locations":[{"start":{"line":26,"column":26},"end":{"line":26,"column":48}},{"start":{"line":26,"column":52},"end":{"line":26,"column":54}}],"line":26},"1":{"loc":{"start":{"line":42,"column":4},"end":{"line":45,"column":5}},"type":"if","locations":[{"start":{"line":42,"column":4},"end":{"line":45,"column":5}},{"start":{},"end":{}}],"line":42},"2":{"loc":{"start":{"line":48,"column":4},"end":{"line":54,"column":5}},"type":"if","locations":[{"start":{"line":48,"column":4},"end":{"line":54,"column":5}},{"start":{},"end":{}}],"line":48},"3":{"loc":{"start":{"line":49,"column":6},"end":{"line":50,"column":70}},"type":"binary-expr","locations":[{"start":{"line":49,"column":6},"end":{"line":49,"column":42}},{"start":{"line":50,"column":7},"end":{"line":50,"column":30}},{"start":{"line":50,"column":34},"end":{"line":50,"column":69}}],"line":49},"4":{"loc":{"start":{"line":71,"column":16},"end":{"line":71,"column":73}},"type":"cond-expr","locations":[{"start":{"line":71,"column":53},"end":{"line":71,"column":68}},{"start":{"line":71,"column":71},"end":{"line":71,"column":73}}],"line":71},"5":{"loc":{"start":{"line":83,"column":16},"end":{"line":83,"column":75}},"type":"cond-expr","locations":[{"start":{"line":83,"column":55},"end":{"line":83,"column":70}},{"start":{"line":83,"column":73},"end":{"line":83,"column":75}}],"line":83},"6":{"loc":{"start":{"line":94,"column":11},"end":{"line":175,"column":11}},"type":"binary-expr","locations":[{"start":{"line":94,"column":11},"end":{"line":94,"column":47}},{"start":{"line":95,"column":12},"end":{"line":174,"column":15}}],"line":94},"7":{"loc":{"start":{"line":139,"column":19},"end":{"line":171,"column":19}},"type":"binary-expr","locations":[{"start":{"line":139,"column":19},"end":{"line":139,"column":60}},{"start":{"line":140,"column":20},"end":{"line":170,"column":26}}],"line":139},"8":{"loc":{"start":{"line":139,"column":20},"end":{"line":139,"column":48}},"type":"binary-expr","locations":[{"start":{"line":139,"column":20},"end":{"line":139,"column":42}},{"start":{"line":139,"column":46},"end":{"line":139,"column":48}}],"line":139},"9":{"loc":{"start":{"line":177,"column":11},"end":{"line":177,"column":63}},"type":"binary-expr","locations":[{"start":{"line":177,"column":11},"end":{"line":177,"column":16}},{"start":{"line":177,"column":20},"end":{"line":177,"column":63}}],"line":177}},"s":{"0":1,"1":33,"2":33,"3":33,"4":10,"5":10,"6":33,"7":1,"8":1,"9":1,"10":1,"11":1,"12":33,"13":0,"14":0,"15":0,"16":33,"17":1,"18":33,"19":4,"20":2,"21":2,"22":2,"23":1,"24":1,"25":1,"26":1,"27":33,"28":3,"29":7,"30":1,"31":1,"32":0,"33":0},"f":{"0":33,"1":10,"2":1,"3":1,"4":0,"5":0,"6":1,"7":4,"8":3,"9":7,"10":1,"11":1,"12":0,"13":0},"b":{"0":[1,0],"1":[2,2],"2":[1,1],"3":[2,1,1],"4":[4,29],"5":[9,24],"6":[33,9],"7":[9,1],"8":[9,0],"9":[33,3]},"_coverageSchema":"1a1c01bbd47fc00a2c39e90264f33305004495a9","hash":"344f9278fb857a877968d9feda7169caa09f4310"}
,"/Users/suhas/Suhas/Medlaunch /Medlaunch-FE-MultiStep-Form-Challenge/src/components/Steps/Step5/Step5.jsx": {"path":"/Users/suhas/Suhas/Medlaunch /Medlaunch-FE-MultiStep-Form-Challenge/src/components/Steps/Step5/Step5.jsx","statementMap":{"0":{"start":{"line":9,"column":14},"end":{"line":442,"column":1}},"1":{"start":{"line":10,"column":63},"end":{"line":10,"column":79}},"2":{"start":{"line":11,"column":36},"end":{"line":11,"column":60}},"3":{"start":{"line":12,"column":38},"end":{"line":12,"column":50}},"4":{"start":{"line":13,"column":50},"end":{"line":13,"column":65}},"5":{"start":{"line":14,"column":48},"end":{"line":14,"column":60}},"6":{"start":{"line":15,"column":52},"end":{"line":15,"column":64}},"7":{"start":{"line":16,"column":52},"end":{"line":16,"column":64}},"8":{"start":{"line":19,"column":26},"end":{"line":23,"column":3}},"9":{"start":{"line":20,"column":21},"end":{"line":20,"column":31}},"10":{"start":{"line":21,"column":4},"end":{"line":21,"column":45}},"11":{"start":{"line":22,"column":4},"end":{"line":22,"column":48}},"12":{"start":{"line":26,"column":23},"end":{"line":28,"column":3}},"13":{"start":{"line":27,"column":4},"end":{"line":27,"column":50}},"14":{"start":{"line":30,"column":42},"end":{"line":41,"column":3}},"15":{"start":{"line":31,"column":18},"end":{"line":31,"column":28}},"16":{"start":{"line":32,"column":4},"end":{"line":32,"column":31}},"17":{"start":{"line":33,"column":25},"end":{"line":33,"column":40}},"18":{"start":{"line":35,"column":4},"end":{"line":39,"column":5}},"19":{"start":{"line":36,"column":6},"end":{"line":36,"column":78}},"20":{"start":{"line":38,"column":6},"end":{"line":38,"column":29}},"21":{"start":{"line":40,"column":4},"end":{"line":40,"column":57}},"22":{"start":{"line":43,"column":28},"end":{"line":55,"column":3}},"23":{"start":{"line":57,"column":30},"end":{"line":74,"column":3}},"24":{"start":{"line":58,"column":28},"end":{"line":58,"column":55}},"25":{"start":{"line":59,"column":4},"end":{"line":73,"column":5}},"26":{"start":{"line":60,"column":6},"end":{"line":68,"column":9}},"27":{"start":{"line":70,"column":26},"end":{"line":70,"column":48}},"28":{"start":{"line":71,"column":6},"end":{"line":71,"column":34}},"29":{"start":{"line":72,"column":6},"end":{"line":72,"column":52}},"30":{"start":{"line":76,"column":30},"end":{"line":90,"column":3}},"31":{"start":{"line":77,"column":28},"end":{"line":77,"column":55}},"32":{"start":{"line":78,"column":4},"end":{"line":89,"column":7}},"33":{"start":{"line":92,"column":31},"end":{"line":98,"column":3}},"34":{"start":{"line":93,"column":4},"end":{"line":97,"column":5}},"35":{"start":{"line":94,"column":6},"end":{"line":96,"column":9}},"36":{"start":{"line":100,"column":31},"end":{"line":106,"column":3}},"37":{"start":{"line":101,"column":4},"end":{"line":105,"column":7}},"38":{"start":{"line":103,"column":18},"end":{"line":103,"column":29}},"39":{"start":{"line":108,"column":24},"end":{"line":142,"column":3}},"40":{"start":{"line":109,"column":25},"end":{"line":109,"column":49}},"41":{"start":{"line":110,"column":21},"end":{"line":110,"column":63}},"42":{"start":{"line":113,"column":18},"end":{"line":113,"column":28}},"43":{"start":{"line":114,"column":4},"end":{"line":114,"column":31}},"44":{"start":{"line":115,"column":25},"end":{"line":115,"column":39}},"45":{"start":{"line":117,"column":4},"end":{"line":124,"column":5}},"46":{"start":{"line":118,"column":6},"end":{"line":122,"column":7}},"47":{"start":{"line":119,"column":8},"end":{"line":119,"column":73}},"48":{"start":{"line":121,"column":8},"end":{"line":121,"column":73}},"49":{"start":{"line":123,"column":6},"end":{"line":123,"column":13}},"50":{"start":{"line":127,"column":4},"end":{"line":131,"column":5}},"51":{"start":{"line":128,"column":6},"end":{"line":128,"column":31}},"52":{"start":{"line":130,"column":6},"end":{"line":130,"column":31}},"53":{"start":{"line":133,"column":4},"end":{"line":141,"column":5}},"54":{"start":{"line":138,"column":6},"end":{"line":140,"column":9}},"55":{"start":{"line":144,"column":27},"end":{"line":148,"column":3}},"56":{"start":{"line":145,"column":4},"end":{"line":147,"column":7}},"57":{"start":{"line":146,"column":54},"end":{"line":146,"column":65}},"58":{"start":{"line":151,"column":29},"end":{"line":162,"column":3}},"59":{"start":{"line":153,"column":23},"end":{"line":155,"column":7}},"60":{"start":{"line":154,"column":8},"end":{"line":154,"column":64}},"61":{"start":{"line":156,"column":6},"end":{"line":158,"column":7}},"62":{"start":{"line":157,"column":8},"end":{"line":157,"column":33}},"63":{"start":{"line":159,"column":6},"end":{"line":159,"column":17}},"64":{"start":{"line":164,"column":2},"end":{"line":441,"column":4}},"65":{"start":{"line":183,"column":14},"end":{"line":191,"column":23}},"66":{"start":{"line":188,"column":31},"end":{"line":188,"column":48}},"67":{"start":{"line":202,"column":31},"end":{"line":202,"column":60}},"68":{"start":{"line":210,"column":14},"end":{"line":235,"column":20}},"69":{"start":{"line":215,"column":20},"end":{"line":215,"column":71}},"70":{"start":{"line":217,"column":18},"end":{"line":233,"column":20}},"71":{"start":{"line":225,"column":28},"end":{"line":225,"column":74}},"72":{"start":{"line":243,"column":27},"end":{"line":243,"column":52}},"73":{"start":{"line":259,"column":20},"end":{"line":259,"column":73}},"74":{"start":{"line":266,"column":20},"end":{"line":266,"column":47}},"75":{"start":{"line":267,"column":20},"end":{"line":267,"column":62}},"76":{"start":{"line":282,"column":16},"end":{"line":282,"column":53}},"77":{"start":{"line":283,"column":16},"end":{"line":283,"column":36}},"78":{"start":{"line":296,"column":18},"end":{"line":305,"column":24}},"79":{"start":{"line":301,"column":37},"end":{"line":301,"column":64}},"80":{"start":{"line":325,"column":18},"end":{"line":325,"column":65}},"81":{"start":{"line":339,"column":18},"end":{"line":339,"column":69}},"82":{"start":{"line":357,"column":16},"end":{"line":357,"column":67}},"83":{"start":{"line":358,"column":16},"end":{"line":358,"column":36}},"84":{"start":{"line":368,"column":18},"end":{"line":379,"column":24}},"85":{"start":{"line":374,"column":24},"end":{"line":374,"column":68}},"86":{"start":{"line":400,"column":16},"end":{"line":400,"column":67}},"87":{"start":{"line":401,"column":16},"end":{"line":401,"column":36}},"88":{"start":{"line":411,"column":18},"end":{"line":422,"column":24}},"89":{"start":{"line":417,"column":24},"end":{"line":417,"column":68}},"90":{"start":{"line":436,"column":24},"end":{"line":436,"column":48}}},"fnMap":{"0":{"name":"(anonymous_0)","decl":{"start":{"line":9,"column":14},"end":{"line":9,"column":15}},"loc":{"start":{"line":9,"column":20},"end":{"line":442,"column":1}},"line":9},"1":{"name":"(anonymous_1)","decl":{"start":{"line":19,"column":26},"end":{"line":19,"column":27}},"loc":{"start":{"line":19,"column":32},"end":{"line":23,"column":3}},"line":19},"2":{"name":"(anonymous_2)","decl":{"start":{"line":26,"column":23},"end":{"line":26,"column":24}},"loc":{"start":{"line":26,"column":29},"end":{"line":28,"column":3}},"line":26},"3":{"name":"(anonymous_3)","decl":{"start":{"line":30,"column":42},"end":{"line":30,"column":43}},"loc":{"start":{"line":30,"column":53},"end":{"line":41,"column":3}},"line":30},"4":{"name":"(anonymous_4)","decl":{"start":{"line":57,"column":30},"end":{"line":57,"column":31}},"loc":{"start":{"line":57,"column":52},"end":{"line":74,"column":3}},"line":57},"5":{"name":"(anonymous_5)","decl":{"start":{"line":76,"column":30},"end":{"line":76,"column":31}},"loc":{"start":{"line":76,"column":57},"end":{"line":90,"column":3}},"line":76},"6":{"name":"(anonymous_6)","decl":{"start":{"line":92,"column":31},"end":{"line":92,"column":32}},"loc":{"start":{"line":92,"column":45},"end":{"line":98,"column":3}},"line":92},"7":{"name":"(anonymous_7)","decl":{"start":{"line":100,"column":31},"end":{"line":100,"column":32}},"loc":{"start":{"line":100,"column":42},"end":{"line":106,"column":3}},"line":100},"8":{"name":"(anonymous_8)","decl":{"start":{"line":103,"column":8},"end":{"line":103,"column":9}},"loc":{"start":{"line":103,"column":18},"end":{"line":103,"column":29}},"line":103},"9":{"name":"(anonymous_9)","decl":{"start":{"line":108,"column":24},"end":{"line":108,"column":25}},"loc":{"start":{"line":108,"column":44},"end":{"line":142,"column":3}},"line":108},"10":{"name":"(anonymous_10)","decl":{"start":{"line":144,"column":27},"end":{"line":144,"column":28}},"loc":{"start":{"line":144,"column":48},"end":{"line":148,"column":3}},"line":144},"11":{"name":"(anonymous_11)","decl":{"start":{"line":146,"column":44},"end":{"line":146,"column":45}},"loc":{"start":{"line":146,"column":54},"end":{"line":146,"column":65}},"line":146},"12":{"name":"(anonymous_12)","decl":{"start":{"line":152,"column":4},"end":{"line":152,"column":5}},"loc":{"start":{"line":152,"column":35},"end":{"line":160,"column":5}},"line":152},"13":{"name":"(anonymous_13)","decl":{"start":{"line":153,"column":39},"end":{"line":153,"column":40}},"loc":{"start":{"line":154,"column":8},"end":{"line":154,"column":64}},"line":154},"14":{"name":"(anonymous_14)","decl":{"start":{"line":182,"column":18},"end":{"line":182,"column":19}},"loc":{"start":{"line":183,"column":14},"end":{"line":191,"column":23}},"line":183},"15":{"name":"(anonymous_15)","decl":{"start":{"line":188,"column":25},"end":{"line":188,"column":26}},"loc":{"start":{"line":188,"column":31},"end":{"line":188,"column":48}},"line":188},"16":{"name":"(anonymous_16)","decl":{"start":{"line":202,"column":24},"end":{"line":202,"column":25}},"loc":{"start":{"line":202,"column":31},"end":{"line":202,"column":60}},"line":202},"17":{"name":"(anonymous_17)","decl":{"start":{"line":209,"column":52},"end":{"line":209,"column":53}},"loc":{"start":{"line":210,"column":14},"end":{"line":235,"column":20}},"line":210},"18":{"name":"(anonymous_18)","decl":{"start":{"line":213,"column":30},"end":{"line":213,"column":31}},"loc":{"start":{"line":213,"column":50},"end":{"line":234,"column":17}},"line":213},"19":{"name":"(anonymous_19)","decl":{"start":{"line":224,"column":36},"end":{"line":224,"column":37}},"loc":{"start":{"line":225,"column":28},"end":{"line":225,"column":74}},"line":225},"20":{"name":"(anonymous_20)","decl":{"start":{"line":243,"column":21},"end":{"line":243,"column":22}},"loc":{"start":{"line":243,"column":27},"end":{"line":243,"column":52}},"line":243},"21":{"name":"(anonymous_21)","decl":{"start":{"line":258,"column":28},"end":{"line":258,"column":29}},"loc":{"start":{"line":259,"column":20},"end":{"line":259,"column":73}},"line":259},"22":{"name":"(anonymous_22)","decl":{"start":{"line":265,"column":27},"end":{"line":265,"column":28}},"loc":{"start":{"line":265,"column":33},"end":{"line":268,"column":19}},"line":265},"23":{"name":"(anonymous_23)","decl":{"start":{"line":281,"column":24},"end":{"line":281,"column":25}},"loc":{"start":{"line":281,"column":31},"end":{"line":284,"column":15}},"line":281},"24":{"name":"(anonymous_24)","decl":{"start":{"line":295,"column":48},"end":{"line":295,"column":49}},"loc":{"start":{"line":296,"column":18},"end":{"line":305,"column":24}},"line":296},"25":{"name":"(anonymous_25)","decl":{"start":{"line":301,"column":31},"end":{"line":301,"column":32}},"loc":{"start":{"line":301,"column":37},"end":{"line":301,"column":64}},"line":301},"26":{"name":"(anonymous_26)","decl":{"start":{"line":324,"column":26},"end":{"line":324,"column":27}},"loc":{"start":{"line":325,"column":18},"end":{"line":325,"column":65}},"line":325},"27":{"name":"(anonymous_27)","decl":{"start":{"line":338,"column":26},"end":{"line":338,"column":27}},"loc":{"start":{"line":339,"column":18},"end":{"line":339,"column":69}},"line":339},"28":{"name":"(anonymous_28)","decl":{"start":{"line":356,"column":24},"end":{"line":356,"column":25}},"loc":{"start":{"line":356,"column":31},"end":{"line":359,"column":15}},"line":356},"29":{"name":"(anonymous_29)","decl":{"start":{"line":367,"column":48},"end":{"line":367,"column":49}},"loc":{"start":{"line":368,"column":18},"end":{"line":379,"column":24}},"line":368},"30":{"name":"(anonymous_30)","decl":{"start":{"line":373,"column":31},"end":{"line":373,"column":32}},"loc":{"start":{"line":374,"column":24},"end":{"line":374,"column":68}},"line":374},"31":{"name":"(anonymous_31)","decl":{"start":{"line":399,"column":24},"end":{"line":399,"column":25}},"loc":{"start":{"line":399,"column":31},"end":{"line":402,"column":15}},"line":399},"32":{"name":"(anonymous_32)","decl":{"start":{"line":410,"column":48},"end":{"line":410,"column":49}},"loc":{"start":{"line":411,"column":18},"end":{"line":422,"column":24}},"line":411},"33":{"name":"(anonymous_33)","decl":{"start":{"line":416,"column":31},"end":{"line":416,"column":32}},"loc":{"start":{"line":417,"column":24},"end":{"line":417,"column":68}},"line":417},"34":{"name":"(anonymous_34)","decl":{"start":{"line":436,"column":18},"end":{"line":436,"column":19}},"loc":{"start":{"line":436,"column":24},"end":{"line":436,"column":48}},"line":436}},"branchMap":{"0":{"loc":{"start":{"line":35,"column":4},"end":{"line":39,"column":5}},"type":"if","locations":[{"start":{"line":35,"column":4},"end":{"line":39,"column":5}},{"start":{"line":37,"column":11},"end":{"line":39,"column":5}}],"line":35},"1":{"loc":{"start":{"line":58,"column":28},"end":{"line":58,"column":55}},"type":"binary-expr","locations":[{"start":{"line":58,"column":28},"end":{"line":58,"column":49}},{"start":{"line":58,"column":53},"end":{"line":58,"column":55}}],"line":58},"2":{"loc":{"start":{"line":59,"column":4},"end":{"line":73,"column":5}},"type":"if","locations":[{"start":{"line":59,"column":4},"end":{"line":73,"column":5}},{"start":{"line":69,"column":11},"end":{"line":73,"column":5}}],"line":59},"3":{"loc":{"start":{"line":77,"column":28},"end":{"line":77,"column":55}},"type":"binary-expr","locations":[{"start":{"line":77,"column":28},"end":{"line":77,"column":49}},{"start":{"line":77,"column":53},"end":{"line":77,"column":55}}],"line":77},"4":{"loc":{"start":{"line":93,"column":4},"end":{"line":97,"column":5}},"type":"if","locations":[{"start":{"line":93,"column":4},"end":{"line":97,"column":5}},{"start":{},"end":{}}],"line":93},"5":{"loc":{"start":{"line":93,"column":8},"end":{"line":93,"column":74}},"type":"binary-expr","locations":[{"start":{"line":93,"column":8},"end":{"line":93,"column":16}},{"start":{"line":93,"column":20},"end":{"line":93,"column":74}}],"line":93},"6":{"loc":{"start":{"line":93,"column":22},"end":{"line":93,"column":54}},"type":"binary-expr","locations":[{"start":{"line":93,"column":22},"end":{"line":93,"column":48}},{"start":{"line":93,"column":52},"end":{"line":93,"column":54}}],"line":93},"7":{"loc":{"start":{"line":95,"column":32},"end":{"line":95,"column":64}},"type":"binary-expr","locations":[{"start":{"line":95,"column":32},"end":{"line":95,"column":58}},{"start":{"line":95,"column":62},"end":{"line":95,"column":64}}],"line":95},"8":{"loc":{"start":{"line":109,"column":25},"end":{"line":109,"column":49}},"type":"binary-expr","locations":[{"start":{"line":109,"column":25},"end":{"line":109,"column":43}},{"start":{"line":109,"column":47},"end":{"line":109,"column":49}}],"line":109},"9":{"loc":{"start":{"line":110,"column":21},"end":{"line":110,"column":63}},"type":"cond-expr","locations":[{"start":{"line":110,"column":56},"end":{"line":110,"column":58}},{"start":{"line":110,"column":61},"end":{"line":110,"column":63}}],"line":110},"10":{"loc":{"start":{"line":117,"column":4},"end":{"line":124,"column":5}},"type":"if","locations":[{"start":{"line":117,"column":4},"end":{"line":124,"column":5}},{"start":{},"end":{}}],"line":117},"11":{"loc":{"start":{"line":118,"column":6},"end":{"line":122,"column":7}},"type":"if","locations":[{"start":{"line":118,"column":6},"end":{"line":122,"column":7}},{"start":{"line":120,"column":13},"end":{"line":122,"column":7}}],"line":118},"12":{"loc":{"start":{"line":127,"column":4},"end":{"line":131,"column":5}},"type":"if","locations":[{"start":{"line":127,"column":4},"end":{"line":131,"column":5}},{"start":{"line":129,"column":11},"end":{"line":131,"column":5}}],"line":127},"13":{"loc":{"start":{"line":133,"column":4},"end":{"line":141,"column":5}},"type":"if","locations":[{"start":{"line":133,"column":4},"end":{"line":141,"column":5}},{"start":{},"end":{}}],"line":133},"14":{"loc":{"start":{"line":134,"column":6},"end":{"line":136,"column":34}},"type":"binary-expr","locations":[{"start":{"line":134,"column":6},"end":{"line":134,"column":10}},{"start":{"line":135,"column":6},"end":{"line":135,"column":36}},{"start":{"line":136,"column":6},"end":{"line":136,"column":34}}],"line":134},"15":{"loc":{"start":{"line":156,"column":6},"end":{"line":158,"column":7}},"type":"if","locations":[{"start":{"line":156,"column":6},"end":{"line":158,"column":7}},{"start":{},"end":{}}],"line":156},"16":{"loc":{"start":{"line":186,"column":18},"end":{"line":186,"column":56}},"type":"cond-expr","locations":[{"start":{"line":186,"column":38},"end":{"line":186,"column":51}},{"start":{"line":186,"column":54},"end":{"line":186,"column":56}}],"line":186},"17":{"loc":{"start":{"line":215,"column":20},"end":{"line":215,"column":71}},"type":"binary-expr","locations":[{"start":{"line":215,"column":20},"end":{"line":215,"column":62}},{"start":{"line":215,"column":66},"end":{"line":215,"column":71}}],"line":215},"18":{"loc":{"start":{"line":249,"column":11},"end":{"line":274,"column":11}},"type":"binary-expr","locations":[{"start":{"line":249,"column":11},"end":{"line":249,"column":27}},{"start":{"line":250,"column":12},"end":{"line":273,"column":18}}],"line":249},"19":{"loc":{"start":{"line":257,"column":25},"end":{"line":257,"column":57}},"type":"binary-expr","locations":[{"start":{"line":257,"column":25},"end":{"line":257,"column":51}},{"start":{"line":257,"column":55},"end":{"line":257,"column":57}}],"line":257},"20":{"loc":{"start":{"line":293,"column":13},"end":{"line":308,"column":13}},"type":"binary-expr","locations":[{"start":{"line":293,"column":13},"end":{"line":293,"column":58}},{"start":{"line":294,"column":14},"end":{"line":307,"column":20}}],"line":293},"21":{"loc":{"start":{"line":293,"column":14},"end":{"line":293,"column":46}},"type":"binary-expr","locations":[{"start":{"line":293,"column":14},"end":{"line":293,"column":40}},{"start":{"line":293,"column":44},"end":{"line":293,"column":46}}],"line":293},"22":{"loc":{"start":{"line":320,"column":18},"end":{"line":320,"column":58}},"type":"cond-expr","locations":[{"start":{"line":320,"column":36},"end":{"line":320,"column":53}},{"start":{"line":320,"column":56},"end":{"line":320,"column":58}}],"line":320},"23":{"loc":{"start":{"line":323,"column":23},"end":{"line":323,"column":63}},"type":"binary-expr","locations":[{"start":{"line":323,"column":23},"end":{"line":323,"column":57}},{"start":{"line":323,"column":61},"end":{"line":323,"column":63}}],"line":323},"24":{"loc":{"start":{"line":328,"column":15},"end":{"line":330,"column":15}},"type":"binary-expr","locations":[{"start":{"line":328,"column":15},"end":{"line":328,"column":30}},{"start":{"line":329,"column":16},"end":{"line":329,"column":75}}],"line":328},"25":{"loc":{"start":{"line":337,"column":23},"end":{"line":337,"column":53}},"type":"binary-expr","locations":[{"start":{"line":337,"column":23},"end":{"line":337,"column":47}},{"start":{"line":337,"column":51},"end":{"line":337,"column":53}}],"line":337},"26":{"loc":{"start":{"line":353,"column":16},"end":{"line":353,"column":58}},"type":"cond-expr","locations":[{"start":{"line":353,"column":36},"end":{"line":353,"column":53}},{"start":{"line":353,"column":56},"end":{"line":353,"column":58}}],"line":353},"27":{"loc":{"start":{"line":361,"column":13},"end":{"line":363,"column":13}},"type":"binary-expr","locations":[{"start":{"line":361,"column":13},"end":{"line":361,"column":30}},{"start":{"line":362,"column":14},"end":{"line":362,"column":75}}],"line":361},"28":{"loc":{"start":{"line":365,"column":13},"end":{"line":382,"column":13}},"type":"binary-expr","locations":[{"start":{"line":365,"column":13},"end":{"line":365,"column":58}},{"start":{"line":366,"column":14},"end":{"line":381,"column":20}}],"line":365},"29":{"loc":{"start":{"line":365,"column":14},"end":{"line":365,"column":46}},"type":"binary-expr","locations":[{"start":{"line":365,"column":14},"end":{"line":365,"column":40}},{"start":{"line":365,"column":44},"end":{"line":365,"column":46}}],"line":365},"30":{"loc":{"start":{"line":384,"column":26},"end":{"line":384,"column":58}},"type":"binary-expr","locations":[{"start":{"line":384,"column":26},"end":{"line":384,"column":52}},{"start":{"line":384,"column":56},"end":{"line":384,"column":58}}],"line":384},"31":{"loc":{"start":{"line":396,"column":16},"end":{"line":396,"column":58}},"type":"cond-expr","locations":[{"start":{"line":396,"column":36},"end":{"line":396,"column":53}},{"start":{"line":396,"column":56},"end":{"line":396,"column":58}}],"line":396},"32":{"loc":{"start":{"line":404,"column":13},"end":{"line":406,"column":13}},"type":"binary-expr","locations":[{"start":{"line":404,"column":13},"end":{"line":404,"column":30}},{"start":{"line":405,"column":14},"end":{"line":405,"column":75}}],"line":404},"33":{"loc":{"start":{"line":408,"column":13},"end":{"line":425,"column":13}},"type":"binary-expr","locations":[{"start":{"line":408,"column":13},"end":{"line":408,"column":58}},{"start":{"line":409,"column":14},"end":{"line":424,"column":20}}],"line":408},"34":{"loc":{"start":{"line":408,"column":14},"end":{"line":408,"column":46}},"type":"binary-expr","locations":[{"start":{"line":408,"column":14},"end":{"line":408,"column":40}},{"start":{"line":408,"column":44},"end":{"line":408,"column":46}}],"line":408},"35":{"loc":{"start":{"line":427,"column":26},"end":{"line":427,"column":58}},"type":"binary-expr","locations":[{"start":{"line":427,"column":26},"end":{"line":427,"column":52}},{"start":{"line":427,"column":56},"end":{"line":427,"column":58}}],"line":427}},"s":{"0":1,"1":87,"2":87,"3":87,"4":87,"5":87,"6":87,"7":87,"8":87,"9":87,"10":87,"11":87,"12":87,"13":174,"14":87,"15":2,"16":2,"17":2,"18":2,"19":1,"20":1,"21":2,"22":87,"23":87,"24":6,"25":6,"26":4,"27":2,"28":2,"29":2,"30":87,"31":0,"32":0,"33":87,"34":2,"35":2,"36":87,"37":1,"38":1,"39":87,"40":2,"41":2,"42":2,"43":2,"44":2,"45":2,"46":0,"47":0,"48":0,"49":0,"50":2,"51":1,"52":1,"53":2,"54":2,"55":87,"56":0,"57":0,"58":87,"59":261,"60":696,"61":261,"62":229,"63":261,"64":87,"65":522,"66":6,"67":19,"68":229,"69":582,"70":582,"71":6,"72":2,"73":0,"74":1,"75":1,"76":2,"77":2,"78":2,"79":1,"80":2,"81":1,"82":1,"83":1,"84":1,"85":0,"86":1,"87":1,"88":1,"89":0,"90":1},"f":{"0":87,"1":87,"2":174,"3":2,"4":6,"5":0,"6":2,"7":1,"8":1,"9":2,"10":0,"11":0,"12":261,"13":696,"14":522,"15":6,"16":19,"17":229,"18":582,"19":6,"20":2,"21":0,"22":1,"23":2,"24":2,"25":1,"26":2,"27":1,"28":1,"29":1,"30":0,"31":1,"32":1,"33":0,"34":1},"b":{"0":[1,1],"1":[6,0],"2":[4,2],"3":[0,0],"4":[2,0],"5":[2,2],"6":[2,0],"7":[2,0],"8":[2,0],"9":[1,1],"10":[0,2],"11":[0,0],"12":[1,1],"13":[2,0],"14":[2,2,2],"15":[229,32],"16":[87,435],"17":[582,578],"18":[87,2],"19":[2,2],"20":[87,2],"21":[87,0],"22":[1,86],"23":[87,85],"24":[87,1],"25":[87,86],"26":[0,87],"27":[87,0],"28":[87,1],"29":[87,0],"30":[87,0],"31":[0,87],"32":[87,0],"33":[87,1],"34":[87,0],"35":[87,0]},"_coverageSchema":"1a1c01bbd47fc00a2c39e90264f33305004495a9","hash":"88946509f0196811737574f45b1a7b1c6bbfcfc8"}
,"/Users/suhas/Suhas/Medlaunch /Medlaunch-FE-MultiStep-Form-Challenge/src/components/Steps/Step6/Step6.jsx": {"path":"/Users/suhas/Suhas/Medlaunch /Medlaunch-FE-MultiStep-Form-Challenge/src/components/Steps/Step6/Step6.jsx","statementMap":{"0":{"start":{"line":9,"column":14},"end":{"line":888,"column":1}},"1":{"start":{"line":10,"column":47},"end":{"line":10,"column":63}},"2":{"start":{"line":11,"column":58},"end":{"line":11,"column":73}},"3":{"start":{"line":12,"column":52},"end":{"line":18,"column":4}},"4":{"start":{"line":20,"column":24},"end":{"line":25,"column":3}},"5":{"start":{"line":21,"column":4},"end":{"line":24,"column":8}},"6":{"start":{"line":21,"column":36},"end":{"line":24,"column":5}},"7":{"start":{"line":27,"column":23},"end":{"line":34,"column":3}},"8":{"start":{"line":29,"column":4},"end":{"line":29,"column":51}},"9":{"start":{"line":30,"column":4},"end":{"line":30,"column":51}},"10":{"start":{"line":31,"column":4},"end":{"line":31,"column":52}},"11":{"start":{"line":33,"column":4},"end":{"line":33,"column":76}},"12":{"start":{"line":37,"column":22},"end":{"line":40,"column":3}},"13":{"start":{"line":38,"column":4},"end":{"line":38,"column":70}},"14":{"start":{"line":38,"column":39},"end":{"line":38,"column":70}},"15":{"start":{"line":39,"column":4},"end":{"line":39,"column":75}},"16":{"start":{"line":43,"column":26},"end":{"line":240,"column":3}},"17":{"start":{"line":44,"column":20},"end":{"line":44,"column":22}},"18":{"start":{"line":47,"column":4},"end":{"line":47,"column":48}},"19":{"start":{"line":48,"column":4},"end":{"line":52,"column":7}},"20":{"start":{"line":53,"column":4},"end":{"line":57,"column":7}},"21":{"start":{"line":58,"column":4},"end":{"line":62,"column":7}},"22":{"start":{"line":63,"column":4},"end":{"line":67,"column":7}},"23":{"start":{"line":68,"column":4},"end":{"line":72,"column":7}},"24":{"start":{"line":73,"column":4},"end":{"line":77,"column":7}},"25":{"start":{"line":78,"column":4},"end":{"line":82,"column":7}},"26":{"start":{"line":83,"column":4},"end":{"line":87,"column":7}},"27":{"start":{"line":90,"column":4},"end":{"line":94,"column":7}},"28":{"start":{"line":97,"column":4},"end":{"line":101,"column":7}},"29":{"start":{"line":102,"column":4},"end":{"line":106,"column":7}},"30":{"start":{"line":107,"column":4},"end":{"line":111,"column":7}},"31":{"start":{"line":114,"column":4},"end":{"line":118,"column":7}},"32":{"start":{"line":119,"column":4},"end":{"line":123,"column":7}},"33":{"start":{"line":124,"column":4},"end":{"line":128,"column":7}},"34":{"start":{"line":131,"column":4},"end":{"line":137,"column":7}},"35":{"start":{"line":138,"column":4},"end":{"line":142,"column":7}},"36":{"start":{"line":143,"column":4},"end":{"line":147,"column":7}},"37":{"start":{"line":148,"column":4},"end":{"line":154,"column":7}},"38":{"start":{"line":157,"column":4},"end":{"line":165,"column":7}},"39":{"start":{"line":166,"column":4},"end":{"line":172,"column":7}},"40":{"start":{"line":170,"column":44},"end":{"line":170,"column":55}},"41":{"start":{"line":175,"column":29},"end":{"line":179,"column":10}},"42":{"start":{"line":177,"column":19},"end":{"line":177,"column":45}},"43":{"start":{"line":180,"column":4},"end":{"line":186,"column":7}},"44":{"start":{"line":187,"column":4},"end":{"line":193,"column":7}},"45":{"start":{"line":194,"column":4},"end":{"line":198,"column":7}},"46":{"start":{"line":199,"column":4},"end":{"line":203,"column":7}},"47":{"start":{"line":205,"column":4},"end":{"line":211,"column":5}},"48":{"start":{"line":206,"column":6},"end":{"line":210,"column":9}},"49":{"start":{"line":212,"column":4},"end":{"line":218,"column":5}},"50":{"start":{"line":213,"column":6},"end":{"line":217,"column":9}},"51":{"start":{"line":221,"column":23},"end":{"line":225,"column":17}},"52":{"start":{"line":223,"column":8},"end":{"line":223,"column":76}},"53":{"start":{"line":223,"column":26},"end":{"line":223,"column":65}},"54":{"start":{"line":228,"column":17},"end":{"line":228,"column":76}},"55":{"start":{"line":229,"column":17},"end":{"line":229,"column":44}},"56":{"start":{"line":230,"column":16},"end":{"line":230,"column":41}},"57":{"start":{"line":231,"column":4},"end":{"line":231,"column":35}},"58":{"start":{"line":232,"column":4},"end":{"line":235,"column":6}},"59":{"start":{"line":236,"column":4},"end":{"line":236,"column":37}},"60":{"start":{"line":237,"column":4},"end":{"line":237,"column":36}},"61":{"start":{"line":238,"column":4},"end":{"line":238,"column":17}},"62":{"start":{"line":239,"column":4},"end":{"line":239,"column":36}},"63":{"start":{"line":243,"column":28},"end":{"line":433,"column":3}},"64":{"start":{"line":244,"column":29},"end":{"line":248,"column":10}},"65":{"start":{"line":246,"column":19},"end":{"line":246,"column":45}},"66":{"start":{"line":250,"column":16},"end":{"line":250,"column":27}},"67":{"start":{"line":251,"column":15},"end":{"line":251,"column":17}},"68":{"start":{"line":252,"column":23},"end":{"line":252,"column":24}},"69":{"start":{"line":253,"column":22},"end":{"line":253,"column":54}},"70":{"start":{"line":254,"column":19},"end":{"line":254,"column":21}},"71":{"start":{"line":255,"column":21},"end":{"line":255,"column":43}},"72":{"start":{"line":258,"column":20},"end":{"line":267,"column":5}},"73":{"start":{"line":259,"column":6},"end":{"line":262,"column":7}},"74":{"start":{"line":260,"column":8},"end":{"line":260,"column":22}},"75":{"start":{"line":261,"column":8},"end":{"line":261,"column":18}},"76":{"start":{"line":263,"column":6},"end":{"line":263,"column":32}},"77":{"start":{"line":264,"column":6},"end":{"line":264,"column":59}},"78":{"start":{"line":265,"column":6},"end":{"line":265,"column":30}},"79":{"start":{"line":266,"column":6},"end":{"line":266,"column":25}},"80":{"start":{"line":269,"column":23},"end":{"line":280,"column":5}},"81":{"start":{"line":270,"column":6},"end":{"line":270,"column":16}},"82":{"start":{"line":271,"column":6},"end":{"line":271,"column":35}},"83":{"start":{"line":272,"column":6},"end":{"line":272,"column":35}},"84":{"start":{"line":273,"column":6},"end":{"line":273,"column":51}},"85":{"start":{"line":274,"column":6},"end":{"line":274,"column":38}},"86":{"start":{"line":275,"column":6},"end":{"line":275,"column":26}},"87":{"start":{"line":276,"column":6},"end":{"line":276,"column":39}},"88":{"start":{"line":277,"column":6},"end":{"line":277,"column":40}},"89":{"start":{"line":278,"column":6},"end":{"line":278,"column":32}},"90":{"start":{"line":279,"column":6},"end":{"line":279,"column":17}},"91":{"start":{"line":283,"column":4},"end":{"line":283,"column":24}},"92":{"start":{"line":284,"column":4},"end":{"line":284,"column":37}},"93":{"start":{"line":285,"column":4},"end":{"line":285,"column":33}},"94":{"start":{"line":286,"column":4},"end":{"line":286,"column":56}},"95":{"start":{"line":287,"column":4},"end":{"line":287,"column":15}},"96":{"start":{"line":288,"column":4},"end":{"line":288,"column":36}},"97":{"start":{"line":289,"column":4},"end":{"line":289,"column":24}},"98":{"start":{"line":290,"column":4},"end":{"line":290,"column":39}},"99":{"start":{"line":291,"column":4},"end":{"line":291,"column":76}},"100":{"start":{"line":292,"column":4},"end":{"line":292,"column":30}},"101":{"start":{"line":293,"column":4},"end":{"line":293,"column":15}},"102":{"start":{"line":296,"column":4},"end":{"line":296,"column":36}},"103":{"start":{"line":297,"column":4},"end":{"line":300,"column":6}},"104":{"start":{"line":301,"column":4},"end":{"line":304,"column":6}},"105":{"start":{"line":305,"column":4},"end":{"line":305,"column":14}},"106":{"start":{"line":306,"column":4},"end":{"line":306,"column":50}},"107":{"start":{"line":307,"column":4},"end":{"line":310,"column":6}},"108":{"start":{"line":311,"column":4},"end":{"line":311,"column":68}},"109":{"start":{"line":312,"column":4},"end":{"line":312,"column":72}},"110":{"start":{"line":313,"column":4},"end":{"line":313,"column":72}},"111":{"start":{"line":314,"column":4},"end":{"line":319,"column":6}},"112":{"start":{"line":322,"column":4},"end":{"line":322,"column":35}},"113":{"start":{"line":323,"column":4},"end":{"line":326,"column":6}},"114":{"start":{"line":329,"column":4},"end":{"line":329,"column":38}},"115":{"start":{"line":330,"column":4},"end":{"line":330,"column":38}},"116":{"start":{"line":331,"column":4},"end":{"line":336,"column":6}},"117":{"start":{"line":337,"column":4},"end":{"line":337,"column":66}},"118":{"start":{"line":338,"column":4},"end":{"line":338,"column":71}},"119":{"start":{"line":339,"column":4},"end":{"line":339,"column":14}},"120":{"start":{"line":340,"column":4},"end":{"line":340,"column":54}},"121":{"start":{"line":341,"column":4},"end":{"line":346,"column":6}},"122":{"start":{"line":347,"column":4},"end":{"line":347,"column":70}},"123":{"start":{"line":348,"column":4},"end":{"line":348,"column":75}},"124":{"start":{"line":349,"column":4},"end":{"line":349,"column":14}},"125":{"start":{"line":350,"column":4},"end":{"line":350,"column":52}},"126":{"start":{"line":351,"column":4},"end":{"line":356,"column":6}},"127":{"start":{"line":357,"column":4},"end":{"line":357,"column":72}},"128":{"start":{"line":358,"column":4},"end":{"line":358,"column":77}},"129":{"start":{"line":359,"column":4},"end":{"line":364,"column":6}},"130":{"start":{"line":367,"column":4},"end":{"line":367,"column":35}},"131":{"start":{"line":368,"column":4},"end":{"line":377,"column":6}},"132":{"start":{"line":378,"column":4},"end":{"line":385,"column":6}},"133":{"start":{"line":381,"column":46},"end":{"line":381,"column":57}},"134":{"start":{"line":388,"column":4},"end":{"line":388,"column":44}},"135":{"start":{"line":389,"column":4},"end":{"line":396,"column":6}},"136":{"start":{"line":397,"column":4},"end":{"line":404,"column":6}},"137":{"start":{"line":405,"column":4},"end":{"line":408,"column":6}},"138":{"start":{"line":409,"column":4},"end":{"line":414,"column":6}},"139":{"start":{"line":416,"column":4},"end":{"line":421,"column":5}},"140":{"start":{"line":417,"column":6},"end":{"line":420,"column":8}},"141":{"start":{"line":422,"column":4},"end":{"line":427,"column":5}},"142":{"start":{"line":423,"column":6},"end":{"line":426,"column":8}},"143":{"start":{"line":430,"column":4},"end":{"line":432,"column":6}},"144":{"start":{"line":435,"column":2},"end":{"line":887,"column":4}},"145":{"start":{"line":445,"column":29},"end":{"line":445,"column":55}},"146":{"start":{"line":458,"column":18},"end":{"line":458,"column":38}},"147":{"start":{"line":459,"column":18},"end":{"line":459,"column":30}},"148":{"start":{"line":520,"column":29},"end":{"line":520,"column":61}},"149":{"start":{"line":533,"column":18},"end":{"line":533,"column":38}},"150":{"start":{"line":534,"column":18},"end":{"line":534,"column":30}},"151":{"start":{"line":558,"column":29},"end":{"line":558,"column":64}},"152":{"start":{"line":571,"column":18},"end":{"line":571,"column":38}},"153":{"start":{"line":572,"column":18},"end":{"line":572,"column":30}},"154":{"start":{"line":659,"column":29},"end":{"line":659,"column":61}},"155":{"start":{"line":672,"column":18},"end":{"line":672,"column":38}},"156":{"start":{"line":673,"column":18},"end":{"line":673,"column":30}},"157":{"start":{"line":702,"column":28},"end":{"line":704,"column":34}},"158":{"start":{"line":721,"column":29},"end":{"line":721,"column":68}},"159":{"start":{"line":734,"column":18},"end":{"line":734,"column":38}},"160":{"start":{"line":735,"column":18},"end":{"line":735,"column":30}},"161":{"start":{"line":749,"column":33},"end":{"line":749,"column":59}},"162":{"start":{"line":753,"column":45},"end":{"line":753,"column":71}},"163":{"start":{"line":755,"column":30},"end":{"line":763,"column":37}},"164":{"start":{"line":761,"column":58},"end":{"line":761,"column":75}},"165":{"start":{"line":780,"column":28},"end":{"line":785,"column":35}},"166":{"start":{"line":849,"column":33},"end":{"line":849,"column":74}},"167":{"start":{"line":881,"column":24},"end":{"line":881,"column":48}}},"fnMap":{"0":{"name":"(anonymous_0)","decl":{"start":{"line":9,"column":14},"end":{"line":9,"column":15}},"loc":{"start":{"line":9,"column":20},"end":{"line":888,"column":1}},"line":9},"1":{"name":"(anonymous_1)","decl":{"start":{"line":20,"column":24},"end":{"line":20,"column":25}},"loc":{"start":{"line":20,"column":40},"end":{"line":25,"column":3}},"line":20},"2":{"name":"(anonymous_2)","decl":{"start":{"line":21,"column":25},"end":{"line":21,"column":26}},"loc":{"start":{"line":21,"column":36},"end":{"line":24,"column":5}},"line":21},"3":{"name":"(anonymous_3)","decl":{"start":{"line":27,"column":23},"end":{"line":27,"column":24}},"loc":{"start":{"line":27,"column":29},"end":{"line":34,"column":3}},"line":27},"4":{"name":"(anonymous_4)","decl":{"start":{"line":37,"column":22},"end":{"line":37,"column":23}},"loc":{"start":{"line":37,"column":33},"end":{"line":40,"column":3}},"line":37},"5":{"name":"(anonymous_5)","decl":{"start":{"line":43,"column":26},"end":{"line":43,"column":27}},"loc":{"start":{"line":43,"column":32},"end":{"line":240,"column":3}},"line":43},"6":{"name":"(anonymous_6)","decl":{"start":{"line":170,"column":37},"end":{"line":170,"column":38}},"loc":{"start":{"line":170,"column":44},"end":{"line":170,"column":55}},"line":170},"7":{"name":"(anonymous_7)","decl":{"start":{"line":177,"column":10},"end":{"line":177,"column":11}},"loc":{"start":{"line":177,"column":19},"end":{"line":177,"column":45}},"line":177},"8":{"name":"(anonymous_8)","decl":{"start":{"line":222,"column":11},"end":{"line":222,"column":12}},"loc":{"start":{"line":223,"column":8},"end":{"line":223,"column":76}},"line":223},"9":{"name":"(anonymous_9)","decl":{"start":{"line":223,"column":16},"end":{"line":223,"column":17}},"loc":{"start":{"line":223,"column":26},"end":{"line":223,"column":65}},"line":223},"10":{"name":"(anonymous_10)","decl":{"start":{"line":243,"column":28},"end":{"line":243,"column":29}},"loc":{"start":{"line":243,"column":34},"end":{"line":433,"column":3}},"line":243},"11":{"name":"(anonymous_11)","decl":{"start":{"line":246,"column":10},"end":{"line":246,"column":11}},"loc":{"start":{"line":246,"column":19},"end":{"line":246,"column":45}},"line":246},"12":{"name":"(anonymous_12)","decl":{"start":{"line":258,"column":20},"end":{"line":258,"column":21}},"loc":{"start":{"line":258,"column":64},"end":{"line":267,"column":5}},"line":258},"13":{"name":"(anonymous_13)","decl":{"start":{"line":269,"column":23},"end":{"line":269,"column":24}},"loc":{"start":{"line":269,"column":34},"end":{"line":280,"column":5}},"line":269},"14":{"name":"(anonymous_14)","decl":{"start":{"line":381,"column":39},"end":{"line":381,"column":40}},"loc":{"start":{"line":381,"column":46},"end":{"line":381,"column":57}},"line":381},"15":{"name":"(anonymous_15)","decl":{"start":{"line":445,"column":23},"end":{"line":445,"column":24}},"loc":{"start":{"line":445,"column":29},"end":{"line":445,"column":55}},"line":445},"16":{"name":"(anonymous_16)","decl":{"start":{"line":457,"column":25},"end":{"line":457,"column
[...]
binary-expr","locations":[{"start":{"line":639,"column":34},"end":{"line":639,"column":57}},{"start":{"line":639,"column":61},"end":{"line":639,"column":75}}],"line":639},"104":{"loc":{"start":{"line":643,"column":27},"end":{"line":643,"column":67}},"type":"binary-expr","locations":[{"start":{"line":643,"column":27},"end":{"line":643,"column":49}},{"start":{"line":643,"column":53},"end":{"line":643,"column":67}}],"line":643},"105":{"loc":{"start":{"line":644,"column":27},"end":{"line":644,"column":46}},"type":"binary-expr","locations":[{"start":{"line":644,"column":27},"end":{"line":644,"column":40}},{"start":{"line":644,"column":44},"end":{"line":644,"column":46}}],"line":644},"106":{"loc":{"start":{"line":644,"column":50},"end":{"line":644,"column":70}},"type":"binary-expr","locations":[{"start":{"line":644,"column":50},"end":{"line":644,"column":64}},{"start":{"line":644,"column":68},"end":{"line":644,"column":70}}],"line":644},"107":{"loc":{"start":{"line":645,"column":27},"end":{"line":645,"column":49}},"type":"binary-expr","locations":[{"start":{"line":645,"column":27},"end":{"line":645,"column":43}},{"start":{"line":645,"column":47},"end":{"line":645,"column":49}}],"line":645},"108":{"loc":{"start":{"line":662,"column":17},"end":{"line":666,"column":17}},"type":"cond-expr","locations":[{"start":{"line":663,"column":18},"end":{"line":663,"column":43}},{"start":{"line":665,"column":18},"end":{"line":665,"column":41}}],"line":662},"109":{"loc":{"start":{"line":679,"column":13},"end":{"line":714,"column":13}},"type":"binary-expr","locations":[{"start":{"line":679,"column":13},"end":{"line":679,"column":47}},{"start":{"line":680,"column":14},"end":{"line":713,"column":20}}],"line":679},"110":{"loc":{"start":{"line":685,"column":23},"end":{"line":689,"column":40}},"type":"cond-expr","locations":[{"start":{"line":686,"column":26},"end":{"line":686,"column":43}},{"start":{"line":687,"column":26},"end":{"line":689,"column":40}}],"line":685},"111":{"loc":{"start":{"line":687,"column":26},"end":{"line":689,"column":40}},"type":"cond-expr","locations":[{"start":{"line":688,"column":26},"end":{"line":688,"column":46}},{"start":{"line":689,"column":26},"end":{"line":689,"column":40}}],"line":687},"112":{"loc":{"start":{"line":695,"column":23},"end":{"line":709,"column":23}},"type":"cond-expr","locations":[{"start":{"line":697,"column":24},"end":{"line":706,"column":30}},{"start":{"line":708,"column":24},"end":{"line":708,"column":43}}],"line":695},"113":{"loc":{"start":{"line":695,"column":23},"end":{"line":696,"column":55}},"type":"binary-expr","locations":[{"start":{"line":695,"column":23},"end":{"line":695,"column":45}},{"start":{"line":696,"column":22},"end":{"line":696,"column":55}}],"line":695},"114":{"loc":{"start":{"line":703,"column":31},"end":{"line":703,"column":48}},"type":"binary-expr","locations":[{"start":{"line":703,"column":31},"end":{"line":703,"column":40}},{"start":{"line":703,"column":44},"end":{"line":703,"column":48}}],"line":703},"115":{"loc":{"start":{"line":724,"column":17},"end":{"line":728,"column":17}},"type":"cond-expr","locations":[{"start":{"line":725,"column":18},"end":{"line":725,"column":43}},{"start":{"line":727,"column":18},"end":{"line":727,"column":41}}],"line":724},"116":{"loc":{"start":{"line":741,"column":13},"end":{"line":837,"column":13}},"type":"binary-expr","locations":[{"start":{"line":741,"column":13},"end":{"line":741,"column":54}},{"start":{"line":742,"column":14},"end":{"line":836,"column":20}}],"line":741},"117":{"loc":{"start":{"line":747,"column":23},"end":{"line":770,"column":23}},"type":"cond-expr","locations":[{"start":{"line":751,"column":24},"end":{"line":765,"column":30}},{"start":{"line":767,"column":24},"end":{"line":769,"column":31}}],"line":747},"118":{"loc":{"start":{"line":747,"column":23},"end":{"line":750,"column":34}},"type":"binary-expr","locations":[{"start":{"line":747,"column":23},"end":{"line":747,"column":44}},{"start":{"line":748,"column":22},"end":{"line":750,"column":34}}],"line":747},"119":{"loc":{"start":{"line":776,"column":23},"end":{"line":792,"column":23}},"type":"cond-expr","locations":[{"start":{"line":778,"column":24},"end":{"line":787,"column":30}},{"start":{"line":789,"column":24},"end":{"line":791,"column":31}}],"line":776},"120":{"loc":{"start":{"line":776,"column":23},"end":{"line":777,"column":59}},"type":"binary-expr","locations":[{"start":{"line":776,"column":23},"end":{"line":776,"column":49}},{"start":{"line":777,"column":22},"end":{"line":777,"column":59}}],"line":776},"121":{"loc":{"start":{"line":798,"column":23},"end":{"line":798,"column":65}},"type":"binary-expr","locations":[{"start":{"line":798,"column":23},"end":{"line":798,"column":47}},{"start":{"line":798,"column":51},"end":{"line":798,"column":65}}],"line":798},"122":{"loc":{"start":{"line":806,"column":23},"end":{"line":806,"column":75}},"type":"binary-expr","locations":[{"start":{"line":806,"column":23},"end":{"line":806,"column":57}},{"start":{"line":806,"column":61},"end":{"line":806,"column":75}}],"line":806},"123":{"loc":{"start":{"line":809,"column":19},"end":{"line":821,"column":21}},"type":"binary-expr","locations":[{"start":{"line":809,"column":19},"end":{"line":809,"column":45}},{"start":{"line":810,"column":20},"end":{"line":810,"column":57}},{"start":{"line":811,"column":22},"end":{"line":820,"column":28}}],"line":809},"124":{"loc":{"start":{"line":822,"column":19},"end":{"line":834,"column":21}},"type":"binary-expr","locations":[{"start":{"line":822,"column":19},"end":{"line":822,"column":45}},{"start":{"line":823,"column":20},"end":{"line":823,"column":57}},{"start":{"line":824,"column":22},"end":{"line":833,"column":28}}],"line":822}},"s":{"0":1,"1":65,"2":65,"3":65,"4":65,"5":11,"6":11,"7":65,"8":2,"9":2,"10":2,"11":2,"12":65,"13":5,"14":5,"15":0,"16":65,"17":1,"18":1,"19":1,"20":1,"21":1,"22":1,"23":1,"24":1,"25":1,"26":1,"27":1,"28":1,"29":1,"30":1,"31":1,"32":1,"33":1,"34":1,"35":1,"36":1,"37":1,"38":1,"39":1,"40":0,"41":1,"42":0,"43":1,"44":1,"45":1,"46":1,"47":1,"48":0,"49":1,"50":0,"51":1,"52":26,"53":78,"54":1,"55":1,"56":1,"57":1,"58":1,"59":1,"60":1,"61":1,"62":1,"63":65,"64":1,"65":0,"66":1,"67":1,"68":1,"69":1,"70":1,"71":1,"72":1,"73":28,"74":1,"75":1,"76":28,"77":28,"78":28,"79":28,"80":1,"81":5,"82":5,"83":5,"84":5,"85":5,"86":5,"87":5,"88":5,"89":5,"90":5,"91":1,"92":1,"93":1,"94":1,"95":1,"96":1,"97":1,"98":1,"99":1,"100":1,"101":1,"102":1,"103":1,"104":1,"105":1,"106":1,"107":1,"108":1,"109":1,"110":1,"111":1,"112":1,"113":1,"114":1,"115":1,"116":1,"117":1,"118":1,"119":1,"120":1,"121":1,"122":1,"123":1,"124":1,"125":1,"126":1,"127":1,"128":1,"129":1,"130":1,"131":1,"132":1,"133":0,"134":1,"135":1,"136":1,"137":1,"138":1,"139":1,"140":0,"141":1,"142":0,"143":1,"144":65,"145":3,"146":1,"147":1,"148":2,"149":1,"150":1,"151":2,"152":1,"153":1,"154":2,"155":1,"156":1,"157":0,"158":2,"159":1,"160":1,"161":0,"162":0,"163":0,"164":0,"165":0,"166":6,"167":1},"f":{"0":65,"1":11,"2":11,"3":2,"4":5,"5":1,"6":0,"7":0,"8":26,"9":78,"10":1,"11":0,"12":28,"13":5,"14":0,"15":3,"16":1,"17":2,"18":1,"19":2,"20":1,"21":2,"22":1,"23":0,"24":2,"25":1,"26":0,"27":0,"28":0,"29":0,"30":0,"31":6,"32":1},"b":{"0":[5,0],"1":[5,0],"2":[5,5],"3":[1,1],"4":[1,1],"5":[1,1],"6":[1,1],"7":[1,1],"8":[1,1],"9":[1,1],"10":[1,1],"11":[0,1],"12":[1,1],"13":[1,1],"14":[1,1],"15":[1,1],"16":[1,1],"17":[1,1],"18":[1,1],"19":[1,1],"20":[1,1],"21":[1,1],"22":[1,1],"23":[1,1],"24":[1,1],"25":[1,1],"26":[1,1],"27":[1,1],"28":[1,1],"29":[0,1],"30":[0,1],"31":[0,1],"32":[0,0],"33":[1,0],"34":[0,1],"35":[0,1],"36":[1,1],"37":[1,1],"38":[0,1],"39":[0,1],"40":[1,0],"41":[24],"42":[24],"43":[1,27],"44":[4,24],"45":[1,1],"46":[1,1],"47":[1,1],"48":[1,1],"49":[1,1],"50":[1,1],"51":[0,1],"52":[1,1],"53":[1,1],"54":[1,1],"55":[1,1],"56":[1,1],"57":[1,1],"58":[1,1],"59":[1,1],"60":[1,1],"61":[1,1],"62":[1,1],"63":[1,1],"64":[1,1],"65":[1,1],"66":[0,1],"67":[0,1],"68":[0,1],"69":[0,0],"70":[0,1],"71":[0,1],"72":[1,1],"73":[1,1],"74":[0,1],"75":[0,1],"76":[2,63],"77":[65,63],"78":[63,63],"79":[63,63],"80":[63,63],"81":[63,63],"82":[0,63],"83":[0,63],"84":[1,64],"85":[65,64],"86":[64,64],"87":[1,64],"88":[65,64],"89":[64,64],"90":[64,64],"91":[64,64,64],"92":[64,64],"93":[64,64],"94":[64,64],"95":[64,64],"96":[64,64,64],"97":[64,64],"98":[64,64],"99":[64,64],"100":[64,64],"101":[64,64,64],"102":[64,64],"103":[64,64],"104":[64,64],"105":[64,64],"106":[64,64],"107":[64,64],"108":[1,64],"109":[65,64],"110":[0,64],"111":[0,64],"112":[0,64],"113":[64,64],"114":[0,0],"115":[1,64],"116":[65,64],"117":[0,64],"118":[64,64],"119":[0,64],"120":[64,64],"121":[64,64],"122":[64,64],"123":[64,64,0],"124":[64,64,0]},"_coverageSchema":"1a1c01bbd47fc00a2c39e90264f33305004495a9","hash":"d83f2219b09a2cf16708ab4d6f0c5210e37f569a"}
,"/Users/suhas/Suhas/Medlaunch /Medlaunch-FE-MultiStep-Form-Challenge/src/components/common/Header/Header.jsx": {"path":"/Users/suhas/Suhas/Medlaunch /Medlaunch-FE-MultiStep-Form-Challenge/src/components/common/Header/Header.jsx","statementMap":{"0":{"start":{"line":3,"column":15},"end":{"line":15,"column":1}},"1":{"start":{"line":4,"column":2},"end":{"line":14,"column":4}}},"fnMap":{"0":{"name":"(anonymous_0)","decl":{"start":{"line":3,"column":15},"end":{"line":3,"column":16}},"loc":{"start":{"line":3,"column":21},"end":{"line":15,"column":1}},"line":3}},"branchMap":{},"s":{"0":2,"1":32},"f":{"0":32},"b":{},"_coverageSchema":"1a1c01bbd47fc00a2c39e90264f33305004495a9","hash":"7046fc15f90c626242429e0aae0e09d4cdd7145f"}
,"/Users/suhas/Suhas/Medlaunch /Medlaunch-FE-MultiStep-Form-Challenge/src/components/common/Navigation/Navigation.jsx": {"path":"/Users/suhas/Suhas/Medlaunch /Medlaunch-FE-MultiStep-Form-Challenge/src/components/common/Navigation/Navigation.jsx","statementMap":{"0":{"start":{"line":3,"column":19},"end":{"line":47,"column":1}},"1":{"start":{"line":12,"column":2},"end":{"line":46,"column":4}}},"fnMap":{"0":{"name":"(anonymous_0)","decl":{"start":{"line":3,"column":19},"end":{"line":3,"column":20}},"loc":{"start":{"line":11,"column":6},"end":{"line":47,"column":1}},"line":11}},"branchMap":{"0":{"loc":{"start":{"line":4,"column":2},"end":{"line":4,"column":22}},"type":"default-arg","locations":[{"start":{"line":4,"column":17},"end":{"line":4,"column":22}}],"line":4},"1":{"loc":{"start":{"line":5,"column":2},"end":{"line":5,"column":25}},"type":"default-arg","locations":[{"start":{"line":5,"column":15},"end":{"line":5,"column":25}}],"line":5},"2":{"loc":{"start":{"line":10,"column":2},"end":{"line":10,"column":18}},"type":"default-arg","locations":[{"start":{"line":10,"column":13},"end":{"line":10,"column":18}}],"line":10},"3":{"loc":{"start":{"line":15,"column":9},"end":{"line":27,"column":9}},"type":"cond-expr","locations":[{"start":{"line":16,"column":10},"end":{"line":22,"column":19}},{"start":{"line":24,"column":10},"end":{"line":26,"column":19}}],"line":15},"4":{"loc":{"start":{"line":37,"column":12},"end":{"line":37,"column":43}},"type":"cond-expr","locations":[{"start":{"line":37,"column":23},"end":{"line":37,"column":38}},{"start":{"line":37,"column":41},"end":{"line":37,"column":43}}],"line":37}},"s":{"0":7,"1":493},"f":{"0":493},"b":{"0":[8],"1":[11],"2":[425],"3":[281,212],"4":[62,431]},"_coverageSchema":"1a1c01bbd47fc00a2c39e90264f33305004495a9","hash":"74dc1f6c192571a9ff38eecf0f67463d2b3417a3"}
,"/Users/suhas/Suhas/Medlaunch /Medlaunch-FE-MultiStep-Form-Challenge/src/components/common/ProgressBar/ProgressBar.jsx": {"path":"/Users/suhas/Suhas/Medlaunch /Medlaunch-FE-MultiStep-Form-Challenge/src/components/common/ProgressBar/ProgressBar.jsx","statementMap":{"0":{"start":{"line":4,"column":20},"end":{"line":65,"column":1}},"1":{"start":{"line":5,"column":26},"end":{"line":5,"column":42}},"2":{"start":{"line":7,"column":21},"end":{"line":14,"column":3}},"3":{"start":{"line":16,"column":21},"end":{"line":23,"column":3}},"4":{"start":{"line":25,"column":2},"end":{"line":64,"column":4}},"5":{"start":{"line":38,"column":33},"end":{"line":38,"column":42}},"6":{"start":{"line":39,"column":34},"end":{"line":39,"column":58}},"7":{"start":{"line":40,"column":32},"end":{"line":40,"column":58}},"8":{"start":{"line":42,"column":14},"end":{"line":58,"column":16}}},"fnMap":{"0":{"name":"(anonymous_0)","decl":{"start":{"line":4,"column":20},"end":{"line":4,"column":21}},"loc":{"start":{"line":4,"column":26},"end":{"line":65,"column":1}},"line":4},"1":{"name":"(anonymous_1)","decl":{"start":{"line":37,"column":28},"end":{"line":37,"column":29}},"loc":{"start":{"line":37,"column":46},"end":{"line":59,"column":13}},"line":37}},"branchMap":{"0":{"loc":{"start":{"line":47,"column":24},"end":{"line":51,"column":43}},"type":"cond-expr","locations":[{"start":{"line":48,"column":28},"end":{"line":48,"column":44}},{"start":{"line":49,"column":28},"end":{"line":51,"column":43}}],"line":47},"1":{"loc":{"start":{"line":49,"column":28},"end":{"line":51,"column":43}},"type":"cond-expr","locations":[{"start":{"line":50,"column":28},"end":{"line":50,"column":42}},{"start":{"line":51,"column":28},"end":{"line":51,"column":43}}],"line":49},"2":{"loc":{"start":{"line":54,"column":21},"end":{"line":54,"column":79}},"type":"binary-expr","locations":[{"start":{"line":54,"column":21},"end":{"line":54,"column":30}},{"start":{"line":54,"column":34},"end":{"line":54,"column":79}}],"line":54}},"s":{"0":2,"1":31,"2":31,"3":31,"4":31,"5":186,"6":186,"7":186,"8":186},"f":{"0":31,"1":186},"b":{"0":[30,156],"1":[31,125],"2":[186,31]},"_coverageSchema":"1a1c01bbd47fc00a2c39e90264f33305004495a9","hash":"62423db88be4baba57570951ec66da0a55b06824"}
,"/Users/suhas/Suhas/Medlaunch /Medlaunch-FE-MultiStep-Form-Challenge/src/components/common/SupportChat/SupportChat.jsx": {"path":"/Users/suhas/Suhas/Medlaunch /Medlaunch-FE-MultiStep-Form-Challenge/src/components/common/SupportChat/SupportChat.jsx","statementMap":{"0":{"start":{"line":4,"column":20},"end":{"line":11,"column":1}},"1":{"start":{"line":5,"column":2},"end":{"line":10,"column":4}}},"fnMap":{"0":{"name":"(anonymous_0)","decl":{"start":{"line":4,"column":20},"end":{"line":4,"column":21}},"loc":{"start":{"line":4,"column":26},"end":{"line":11,"column":1}},"line":4}},"branchMap":{},"s":{"0":2,"1":30},"f":{"0":30},"b":{},"_coverageSchema":"1a1c01bbd47fc00a2c39e90264f33305004495a9","hash":"8ccc242d3979bd432ea5648eaec94c808ff9c2ed"}
,"/Users/suhas/Suhas/Medlaunch /Medlaunch-FE-MultiStep-Form-Challenge/src/contexts/FormContext.jsx": {"path":"/Users/suhas/Suhas/Medlaunch /Medlaunch-FE-MultiStep-Form-Challenge/src/contexts/FormContext.jsx","statementMap":{"0":{"start":{"line":3,"column":20},"end":{"line":3,"column":35}},"1":{"start":{"line":5,"column":24},"end":{"line":56,"column":1}},"2":{"start":{"line":59,"column":40},"end":{"line":59,"column":51}},"3":{"start":{"line":60,"column":34},"end":{"line":60,"column":59}},"4":{"start":{"line":62,"column":25},"end":{"line":64,"column":3}},"5":{"start":{"line":63,"column":4},"end":{"line":63,"column":53}},"6":{"start":{"line":63,"column":27},"end":{"line":63,"column":50}},"7":{"start":{"line":66,"column":19},"end":{"line":70,"column":3}},"8":{"start":{"line":67,"column":4},"end":{"line":69,"column":5}},"9":{"start":{"line":68,"column":6},"end":{"line":68,"column":41}},"10":{"start":{"line":68,"column":31},"end":{"line":68,"column":39}},"11":{"start":{"line":72,"column":23},"end":{"line":76,"column":3}},"12":{"start":{"line":73,"column":4},"end":{"line":75,"column":5}},"13":{"start":{"line":74,"column":6},"end":{"line":74,"column":41}},"14":{"start":{"line":74,"column":31},"end":{"line":74,"column":39}},"15":{"start":{"line":78,"column":19},"end":{"line":82,"column":3}},"16":{"start":{"line":79,"column":4},"end":{"line":81,"column":5}},"17":{"start":{"line":80,"column":6},"end":{"line":80,"column":27}},"18":{"start":{"line":84,"column":20},"end":{"line":87,"column":3}},"19":{"start":{"line":85,"column":4},"end":{"line":85,"column":33}},"20":{"start":{"line":86,"column":4},"end":{"line":86,"column":22}},"21":{"start":{"line":90,"column":29},"end":{"line":92,"column":3}},"22":{"start":{"line":91,"column":4},"end":{"line":91,"column":47}},"23":{"start":{"line":94,"column":2},"end":{"line":109,"column":4}},"24":{"start":{"line":113,"column":18},"end":{"line":113,"column":41}},"25":{"start":{"line":114,"column":2},"end":{"line":116,"column":3}},"26":{"start":{"line":115,"column":4},"end":{"line":115,"column":71}},"27":{"start":{"line":117,"column":2},"end":{"line":117,"column":17}}},"fnMap":{"0":{"name":"FormProvider","decl":{"start":{"line":58,"column":16},"end":{"line":58,"column":28}},"loc":{"start":{"line":58,"column":43},"end":{"line":110,"column":1}},"line":58},"1":{"name":"(anonymous_1)","decl":{"start":{"line":62,"column":25},"end":{"line":62,"column":26}},"loc":{"start":{"line":62,"column":38},"end":{"line":64,"column":3}},"line":62},"2":{"name":"(anonymous_2)","decl":{"start":{"line":63,"column":16},"end":{"line":63,"column":17}},"loc":{"start":{"line":63,"column":27},"end":{"line":63,"column":50}},"line":63},"3":{"name":"(anonymous_3)","decl":{"start":{"line":66,"column":19},"end":{"line":66,"column":20}},"loc":{"start":{"line":66,"column":25},"end":{"line":70,"column":3}},"line":66},"4":{"name":"(anonymous_4)","decl":{"start":{"line":68,"column":21},"end":{"line":68,"column":22}},"loc":{"start":{"line":68,"column":31},"end":{"line":68,"column":39}},"line":68},"5":{"name":"(anonymous_5)","decl":{"start":{"line":72,"column":23},"end":{"line":72,"column":24}},"loc":{"start":{"line":72,"column":29},"end":{"line":76,"column":3}},"line":72},"6":{"name":"(anonymous_6)","decl":{"start":{"line":74,"column":21},"end":{"line":74,"column":22}},"loc":{"start":{"line":74,"column":31},"end":{"line":74,"column":39}},"line":74},"7":{"name":"(anonymous_7)","decl":{"start":{"line":78,"column":19},"end":{"line":78,"column":20}},"loc":{"start":{"line":78,"column":29},"end":{"line":82,"column":3}},"line":78},"8":{"name":"(anonymous_8)","decl":{"start":{"line":84,"column":20},"end":{"line":84,"column":21}},"loc":{"start":{"line":84,"column":26},"end":{"line":87,"column":3}},"line":84},"9":{"name":"(anonymous_9)","decl":{"start":{"line":90,"column":29},"end":{"line":90,"column":30}},"loc":{"start":{"line":90,"column":35},"end":{"line":92,"column":3}},"line":90},"10":{"name":"useFormContext","decl":{"start":{"line":112,"column":16},"end":{"line":112,"column":30}},"loc":{"start":{"line":112,"column":33},"end":{"line":118,"column":1}},"line":112}},"branchMap":{"0":{"loc":{"start":{"line":67,"column":4},"end":{"line":69,"column":5}},"type":"if","locations":[{"start":{"line":67,"column":4},"end":{"line":69,"column":5}},{"start":{},"end":{}}],"line":67},"1":{"loc":{"start":{"line":73,"column":4},"end":{"line":75,"column":5}},"type":"if","locations":[{"start":{"line":73,"column":4},"end":{"line":75,"column":5}},{"start":{},"end":{}}],"line":73},"2":{"loc":{"start":{"line":79,"column":4},"end":{"line":81,"column":5}},"type":"if","locations":[{"start":{"line":79,"column":4},"end":{"line":81,"column":5}},{"start":{},"end":{}}],"line":79},"3":{"loc":{"start":{"line":79,"column":8},"end":{"line":79,"column":30}},"type":"binary-expr","locations":[{"start":{"line":79,"column":8},"end":{"line":79,"column":17}},{"start":{"line":79,"column":21},"end":{"line":79,"column":30}}],"line":79},"4":{"loc":{"start":{"line":114,"column":2},"end":{"line":116,"column":3}},"type":"if","locations":[{"start":{"line":114,"column":2},"end":{"line":116,"column":3}},{"start":{},"end":{}}],"line":114}},"s":{"0":9,"1":9,"2":281,"3":281,"4":281,"5":40,"6":40,"7":281,"8":14,"9":12,"10":12,"11":281,"12":6,"13":1,"14":1,"15":281,"16":32,"17":28,"18":281,"19":3,"20":3,"21":281,"22":25,"23":281,"24":591,"25":590,"26":2,"27":588},"f":{"0":281,"1":40,"2":40,"3":14,"4":12,"5":6,"6":1,"7":32,"8":3,"9":25,"10":591},"b":{"0":[12,2],"1":[1,5],"2":[28,4],"3":[32,30],"4":[2,588]},"_coverageSchema":"1a1c01bbd47fc00a2c39e90264f33305004495a9","hash":"417e85ba79567538df83d77b5dbf47fd01fe32d1"}
}
