TN:
SF:src/components/MultiStepForm/MultiStepForm.jsx
FN:14,(anonymous_0)
FN:17,(anonymous_1)
FNF:2
FNH:2
FNDA:27,(anonymous_0)
FNDA:27,(anonymous_1)
DA:14,1
DA:15,27
DA:17,27
DA:18,27
DA:20,17
DA:22,2
DA:24,2
DA:26,2
DA:28,2
DA:30,2
DA:32,0
DA:36,27
LF:12
LH:11
BRDA:18,0,0,17
BRDA:18,0,1,2
BRDA:18,0,2,2
BRDA:18,0,3,2
BRDA:18,0,4,2
BRDA:18,0,5,2
BRDA:18,0,6,0
BRF:7
BRH:6
end_of_record
TN:
SF:src/components/Steps/Step1/Step1.jsx
FN:8,(anonymous_0)
FN:32,(anonymous_1)
FN:37,(anonymous_2)
FN:49,(anonymous_3)
FN:55,(anonymous_4)
FN:60,(anonymous_5)
FN:66,(anonymous_6)
FN:75,(anonymous_7)
FN:254,(anonymous_8)
FN:290,(anonymous_9)
FN:334,(anonymous_10)
FNF:11
FNH:10
FNDA:202,(anonymous_0)
FNDA:1,(anonymous_1)
FNDA:3,(anonymous_2)
FNDA:1,(anonymous_3)
FNDA:2,(anonymous_4)
FNDA:0,(anonymous_5)
FNDA:60,(anonymous_6)
FNDA:2,(anonymous_7)
FNDA:13,(anonymous_8)
FNDA:10,(anonymous_9)
FNDA:61,(anonymous_10)
DA:8,1
DA:9,202
DA:10,202
DA:21,202
DA:26,202
DA:27,202
DA:28,202
DA:30,202
DA:32,202
DA:33,1
DA:34,1
DA:37,202
DA:38,3
DA:39,3
DA:40,3
DA:42,3
DA:43,3
DA:45,0
DA:49,202
DA:50,1
DA:51,1
DA:52,1
DA:55,202
DA:56,2
DA:57,2
DA:60,202
DA:61,0
DA:62,0
DA:63,0
DA:66,202
DA:67,60
DA:68,60
DA:69,1
DA:70,1
DA:71,1
DA:75,202
DA:76,2
DA:81,2
DA:82,2
DA:93,2
DA:97,202
DA:255,13
DA:265,0
DA:291,10
DA:301,0
DA:335,61
DA:336,0
DA:337,0
LF:48
LH:40
BRDA:11,0,0,202
BRDA:11,0,1,200
BRDA:30,1,0,202
BRDA:30,1,1,72
BRDA:42,2,0,3
BRDA:42,2,1,0
BRDA:68,3,0,1
BRDA:68,3,1,59
BRDA:76,4,0,2
BRDA:76,4,1,0
BRDA:117,5,0,2
BRDA:117,5,1,200
BRDA:120,6,0,202
BRDA:120,6,1,2
BRDA:138,7,0,2
BRDA:138,7,1,200
BRDA:142,8,0,202
BRDA:142,8,1,2
BRDA:182,9,0,3
BRDA:182,9,1,199
BRDA:185,10,0,202
BRDA:185,10,1,3
BRDA:206,11,0,2
BRDA:206,11,1,200
BRDA:209,12,0,202
BRDA:209,12,1,2
BRDA:231,13,0,2
BRDA:231,13,1,200
BRDA:234,14,0,202
BRDA:234,14,1,2
BRDA:255,15,0,0
BRDA:255,15,1,13
BRDA:256,16,0,13
BRDA:256,16,1,0
BRDA:269,17,0,4
BRDA:269,17,1,198
BRDA:272,18,0,202
BRDA:272,18,1,4
BRDA:291,19,0,0
BRDA:291,19,1,10
BRDA:292,20,0,10
BRDA:292,20,1,0
BRDA:305,21,0,1
BRDA:305,21,1,201
BRDA:308,22,0,202
BRDA:308,22,1,1
BRDA:335,23,0,0
BRDA:335,23,1,61
BRDA:343,24,0,55
BRDA:343,24,1,147
BRDA:346,25,0,202
BRDA:346,25,1,55
BRDA:357,26,0,202
BRDA:357,26,1,200
BRDA:359,27,0,2
BRDA:359,27,1,200
BRDA:367,28,0,2
BRDA:367,28,1,200
BRDA:370,29,0,2
BRDA:370,29,1,200
BRF:60
BRH:53
end_of_record
TN:
SF:src/components/Steps/Step2/Step2.jsx
FN:6,(anonymous_0)
FN:18,(anonymous_1)
FN:23,(anonymous_2)
FN:53,(anonymous_3)
FNF:4
FNH:4
FNDA:35,(anonymous_0)
FNDA:1,(anonymous_1)
FNDA:1,(anonymous_2)
FNDA:210,(anonymous_3)
DA:6,1
DA:7,35
DA:14,35
DA:18,35
DA:19,1
DA:20,1
DA:23,35
DA:24,1
DA:25,1
DA:26,1
DA:29,35
DA:38,35
DA:54,210
LF:13
LH:13
BRDA:73,0,0,35
BRDA:73,0,1,1
BRF:2
BRH:2
end_of_record
TN:
SF:src/components/Steps/Step3/ContactSection.jsx
FN:3,(anonymous_0)
FN:13,(anonymous_1)
FN:24,(anonymous_2)
FN:96,(anonymous_3)
FNF:4
FNH:3
FNDA:194,(anonymous_0)
FNDA:2384,(anonymous_1)
FNDA:8,(anonymous_2)
FNDA:0,(anonymous_3)
DA:3,2
DA:13,2384
DA:15,194
DA:24,8
DA:97,0
DA:107,0
LF:6
LH:4
BRDA:10,0,0,0
BRDA:34,1,0,194
BRDA:34,1,1,134
BRDA:38,2,0,134
BRDA:38,2,1,60
BRDA:46,3,0,14
BRDA:46,3,1,180
BRDA:50,4,0,194
BRDA:50,4,1,14
BRDA:58,5,0,194
BRDA:58,5,1,134
BRDA:62,6,0,134
BRDA:62,6,1,60
BRDA:70,7,0,14
BRDA:70,7,1,180
BRDA:74,8,0,194
BRDA:74,8,1,14
BRDA:84,9,0,194
BRDA:84,9,1,134
BRDA:88,10,0,134
BRDA:88,10,1,60
BRDA:97,11,0,0
BRDA:97,11,1,0
BRDA:98,12,0,0
BRDA:98,12,1,0
BRDA:111,13,0,14
BRDA:111,13,1,180
BRDA:115,14,0,194
BRDA:115,14,1,14
BRDA:124,15,0,194
BRDA:124,15,1,134
BRDA:128,16,0,134
BRDA:128,16,1,60
BRDA:136,17,0,14
BRDA:136,17,1,180
BRDA:140,18,0,194
BRDA:140,18,1,14
BRF:37
BRH:32
end_of_record
TN:
SF:src/components/Steps/Step3/Step3.jsx
FN:8,(anonymous_0)
FN:30,(anonymous_1)
FN:31,(anonymous_2)
FN:62,(anonymous_3)
FN:67,(anonymous_4)
FN:85,(anonymous_5)
FN:244,(anonymous_6)
FN:272,(anonymous_7)
FN:299,(anonymous_8)
FNF:9
FNH:6
FNDA:59,(anonymous_0)
FNDA:28,(anonymous_1)
FNDA:84,(anonymous_2)
FNDA:0,(anonymous_3)
FNDA:7,(anonymous_4)
FNDA:1,(anonymous_5)
FNDA:0,(anonymous_6)
FNDA:2950,(anonymous_7)
FNDA:0,(anonymous_8)
DA:8,1
DA:9,59
DA:20,59
DA:25,59
DA:26,59
DA:27,59
DA:30,59
DA:31,28
DA:32,84
DA:33,10
DA:34,10
DA:35,10
DA:36,10
DA:38,10
DA:47,28
DA:48,28
DA:49,28
DA:62,59
DA:63,0
DA:64,0
DA:67,59
DA:68,7
DA:70,7
DA:71,7
DA:72,7
DA:73,7
DA:74,7
DA:76,7
DA:85,59
DA:86,1
DA:87,1
DA:88,1
DA:91,59
DA:145,59
DA:166,59
DA:245,0
DA:246,0
DA:273,2950
DA:300,0
DA:310,0
LF:40
LH:34
BRDA:32,0,0,10
BRDA:32,0,1,74
BRDA:70,1,0,7
BRDA:70,1,1,0
BRDA:220,2,0,2
BRDA:220,2,1,57
BRDA:223,3,0,59
BRDA:223,3,1,2
BRDA:245,4,0,0
BRDA:245,4,1,0
BRDA:250,5,0,2
BRDA:250,5,1,57
BRDA:253,6,0,59
BRDA:253,6,1,2
BRDA:268,7,0,2
BRDA:268,7,1,57
BRDA:278,8,0,59
BRDA:278,8,1,2
BRDA:300,9,0,0
BRDA:300,9,1,0
BRDA:301,10,0,0
BRDA:301,10,1,0
BRDA:314,11,0,2
BRDA:314,11,1,57
BRDA:317,12,0,59
BRDA:317,12,1,2
BRF:26
BRH:19
end_of_record
TN:
SF:src/components/Steps/Step4/Step4.jsx
FN:9,(anonymous_0)
FN:13,(anonymous_1)
FN:18,(anonymous_2)
FN:20,(anonymous_3)
FN:31,(anonymous_4)
FN:32,(anonymous_5)
FN:36,(anonymous_6)
FN:40,(anonymous_7)
FN:73,(anonymous_8)
FN:85,(anonymous_9)
FN:133,(anonymous_10)
FN:142,(anonymous_11)
FN:153,(anonymous_12)
FN:163,(anonymous_13)
FNF:14
FNH:10
FNDA:33,(anonymous_0)
FNDA:10,(anonymous_1)
FNDA:1,(anonymous_2)
FNDA:1,(anonymous_3)
FNDA:0,(anonymous_4)
FNDA:0,(anonymous_5)
FNDA:1,(anonymous_6)
FNDA:4,(anonymous_7)
FNDA:3,(anonymous_8)
FNDA:7,(anonymous_9)
FNDA:1,(anonymous_10)
FNDA:1,(anonymous_11)
FNDA:0,(anonymous_12)
FNDA:0,(anonymous_13)
DA:9,1
DA:10,33
DA:11,33
DA:13,33
DA:14,10
DA:15,10
DA:18,33
DA:19,1
DA:20,1
DA:25,1
DA:28,1
DA:31,33
DA:32,0
DA:33,0
DA:36,33
DA:37,1
DA:40,33
DA:42,4
DA:43,2
DA:44,2
DA:48,2
DA:52,1
DA:53,1
DA:56,1
DA:57,1
DA:60,33
DA:73,3
DA:85,7
DA:133,1
DA:143,1
DA:153,0
DA:163,0
LF:32
LH:28
BRDA:26,0,0,1
BRDA:26,0,1,0
BRDA:42,1,0,2
BRDA:42,1,1,2
BRDA:48,2,0,1
BRDA:48,2,1,1
BRDA:49,3,0,2
BRDA:49,3,1,1
BRDA:49,3,2,1
BRDA:71,4,0,4
BRDA:71,4,1,29
BRDA:83,5,0,9
BRDA:83,5,1,24
BRDA:94,6,0,33
BRDA:94,6,1,9
BRDA:139,7,0,9
BRDA:139,7,1,1
BRDA:139,8,0,9
BRDA:139,8,1,0
BRDA:177,9,0,33
BRDA:177,9,1,3
BRF:21
BRH:19
end_of_record
TN:
SF:src/components/Steps/Step5/Step5.jsx
FN:9,(anonymous_0)
FN:19,(anonymous_1)
FN:26,(anonymous_2)
FN:30,(anonymous_3)
FN:57,(anonymous_4)
FN:76,(anonymous_5)
FN:92,(anonymous_6)
FN:100,(anonymous_7)
FN:103,(anonymous_8)
FN:108,(anonymous_9)
FN:144,(anonymous_10)
FN:146,(anonymous_11)
FN:152,(anonymous_12)
FN:153,(anonymous_13)
FN:182,(anonymous_14)
FN:188,(anonymous_15)
FN:202,(anonymous_16)
FN:209,(anonymous_17)
FN:213,(anonymous_18)
FN:224,(anonymous_19)
FN:243,(anonymous_20)
FN:258,(anonymous_21)
FN:265,(anonymous_22)
FN:281,(anonymous_23)
FN:295,(anonymous_24)
FN:301,(anonymous_25)
FN:324,(anonymous_26)
FN:338,(anonymous_27)
FN:356,(anonymous_28)
FN:367,(anonymous_29)
FN:373,(anonymous_30)
FN:399,(anonymous_31)
FN:410,(anonymous_32)
FN:416,(anonymous_33)
FN:436,(anonymous_34)
FNF:35
FNH:29
FNDA:87,(anonymous_0)
FNDA:87,(anonymous_1)
FNDA:174,(anonymous_2)
FNDA:2,(anonymous_3)
FNDA:6,(anonymous_4)
FNDA:0,(anonymous_5)
FNDA:2,(anonymous_6)
FNDA:1,(anonymous_7)
FNDA:1,(anonymous_8)
FNDA:2,(anonymous_9)
FNDA:0,(anonymous_10)
FNDA:0,(anonymous_11)
FNDA:261,(anonymous_12)
FNDA:696,(anonymous_13)
FNDA:522,(anonymous_14)
FNDA:6,(anonymous_15)
FNDA:19,(anonymous_16)
FNDA:229,(anonymous_17)
FNDA:582,(anonymous_18)
FNDA:6,(anonymous_19)
FNDA:2,(anonymous_20)
FNDA:0,(anonymous_21)
FNDA:1,(anonymous_22)
FNDA:2,(anonymous_23)
FNDA:2,(anonymous_24)
FNDA:1,(anonymous_25)
FNDA:2,(anonymous_26)
FNDA:1,(anonymous_27)
FNDA:1,(anonymous_28)
FNDA:1,(anonymous_29)
FNDA:0,(anonymous_30)
FNDA:1,(anonymous_31)
FNDA:1,(anonymous_32)
FNDA:0,(anonymous_33)
FNDA:1,(anonymous_34)
DA:9,1
DA:10,87
DA:11,87
DA:12,87
DA:13,87
DA:14,87
DA:15,87
DA:16,87
DA:19,87
DA:20,87
DA:21,87
DA:22,87
DA:26,87
DA:27,174
DA:30,87
DA:31,2
DA:32,2
DA:33,2
DA:35,2
DA:36,1
DA:38,1
DA:40,2
DA:43,87
DA:57,87
DA:58,6
DA:59,6
DA:60,4
DA:70,2
DA:71,2
DA:72,2
DA:76,87
DA:77,0
DA:78,0
DA:92,87
DA:93,2
DA:94,2
DA:100,87
DA:101,1
DA:103,1
DA:108,87
DA:109,2
DA:110,2
DA:113,2
DA:114,2
DA:115,2
DA:117,2
DA:118,0
DA:119,0
DA:121,0
DA:123,0
DA:127,2
DA:128,1
DA:130,1
DA:133,2
DA:138,2
DA:144,87
DA:145,0
DA:146,0
DA:151,87
DA:153,261
DA:154,696
DA:156,261
DA:157,229
DA:159,261
DA:164,87
DA:183,522
DA:188,6
DA:202,19
DA:210,229
DA:215,582
DA:217,582
DA:225,6
DA:243,2
DA:259,0
DA:266,1
DA:267,1
DA:282,2
DA:283,2
DA:296,2
DA:301,1
DA:325,2
DA:339,1
DA:357,1
DA:358,1
DA:368,1
DA:374,0
DA:400,1
DA:401,1
DA:411,1
DA:417,0
DA:436,1
LF:91
LH:80
BRDA:35,0,0,1
BRDA:35,0,1,1
BRDA:58,1,0,6
BRDA:58,1,1,0
BRDA:59,2,0,4
BRDA:59,2,1,2
BRDA:77,3,0,0
BRDA:77,3,1,0
BRDA:93,4,0,2
BRDA:93,4,1,0
BRDA:93,5,0,2
BRDA:93,5,1,2
BRDA:93,6,0,2
BRDA:93,6,1,0
BRDA:95,7,0,2
BRDA:95,7,1,0
BRDA:109,8,0,2
BRDA:109,8,1,0
BRDA:110,9,0,1
BRDA:110,9,1,1
BRDA:117,10,0,0
BRDA:117,10,1,2
BRDA:118,11,0,0
BRDA:118,11,1,0
BRDA:127,12,0,1
BRDA:127,12,1,1
BRDA:133,13,0,2
BRDA:133,13,1,0
BRDA:134,14,0,2
BRDA:134,14,1,2
BRDA:134,14,2,2
BRDA:156,15,0,229
BRDA:156,15,1,32
BRDA:186,16,0,87
BRDA:186,16,1,435
BRDA:215,17,0,582
BRDA:215,17,1,578
BRDA:249,18,0,87
BRDA:249,18,1,2
BRDA:257,19,0,2
BRDA:257,19,1,2
BRDA:293,20,0,87
BRDA:293,20,1,2
BRDA:293,21,0,87
BRDA:293,21,1,0
BRDA:320,22,0,1
BRDA:320,22,1,86
BRDA:323,23,0,87
BRDA:323,23,1,85
BRDA:328,24,0,87
BRDA:328,24,1,1
BRDA:337,25,0,87
BRDA:337,25,1,86
BRDA:353,26,0,0
BRDA:353,26,1,87
BRDA:361,27,0,87
BRDA:361,27,1,0
BRDA:365,28,0,87
BRDA:365,28,1,1
BRDA:365,29,0,87
BRDA:365,29,1,0
BRDA:384,30,0,87
BRDA:384,30,1,0
BRDA:396,31,0,0
BRDA:396,31,1,87
BRDA:404,32,0,87
BRDA:404,32,1,0
BRDA:408,33,0,87
BRDA:408,33,1,1
BRDA:408,34,0,87
BRDA:408,34,1,0
BRDA:427,35,0,87
BRDA:427,35,1,0
BRF:73
BRH:53
end_of_record
TN:
SF:src/components/Steps/Step6/Step6.jsx
FN:9,(anonymous_0)
FN:20,(anonymous_1)
FN:21,(anonymous_2)
FN:27,(anonymous_3)
FN:37,(anonymous_4)
FN:43,(anonymous_5)
FN:170,(anonymous_6)
FN:177,(anonymous_7)
FN:222,(anonymous_8)
FN:223,(anonymous_9)
FN:243,(anonymous_10)
FN:246,(anonymous_11)
FN:258,(anonymous_12)
FN:269,(anonymous_13)
FN:381,(anonymous_14)
FN:445,(anonymous_15)
FN:457,(anonymous_16)
FN:520,(anonymous_17)
FN:532,(anonymous_18)
FN:558,(anonymous_19)
FN:570,(anonymous_20)
FN:659,(anonymous_21)
FN:671,(anonymous_22)
FN:701,(anonymous_23)
FN:721,(anonymous_24)
FN:733,(anonymous_25)
FN:749,(anonymous_26)
FN:753,(anonymous_27)
FN:754,(anonymous_28)
FN:761,(anonymous_29)
FN:779,(anonymous_30)
FN:849,(anonymous_31)
FN:881,(anonymous_32)
FNF:33
FNH:23
FNDA:65,(anonymous_0)
FNDA:11,(anonymous_1)
FNDA:11,(anonymous_2)
FNDA:2,(anonymous_3)
FNDA:5,(anonymous_4)
FNDA:1,(anonymous_5)
FNDA:0,(anonymous_6)
FNDA:0,(anonymous_7)
FNDA:26,(anonymous_8)
FNDA:78,(anonymous_9)
FNDA:1,(anonymous_10)
FNDA:0,(anonymous_11)
FNDA:28,(anonymous_12)
FNDA:5,(anonymous_13)
FNDA:0,(anonymous_14)
FNDA:3,(anonymous_15)
FNDA:1,(anonymous_16)
FNDA:2,(anonymous_17)
FNDA:1,(anonymous_18)
FNDA:2,(anonymous_19)
FNDA:1,(anonymous_20)
FNDA:2,(anonymous_21)
FNDA:1,(anonymous_22)
FNDA:0,(anonymous_23)
FNDA:2,(anonymous_24)
FNDA:1,(anonymous_25)
FNDA:0,(anonymous_26)
FNDA:0,(anonymous_27)
FNDA:0,(anonymous_28)
FNDA:0,(anonymous_29)
FNDA:0,(anonymous_30)
FNDA:6,(anonymous_31)
FNDA:1,(anonymous_32)
DA:9,1
DA:10,65
DA:11,65
DA:12,65
DA:20,65
DA:21,11
DA:27,65
DA:29,2
DA:30,2
DA:31,2
DA:33,2
DA:37,65
DA:38,5
DA:39,0
DA:43,65
DA:44,1
DA:47,1
DA:48,1
DA:53,1
DA:58,1
DA:63,1
DA:68,1
DA:73,1
DA:78,1
DA:83,1
DA:90,1
DA:97,1
DA:102,1
DA:107,1
DA:114,1
DA:119,1
DA:124,1
DA:131,1
DA:138,1
DA:143,1
DA:148,1
DA:157,1
DA:166,1
DA:170,0
DA:175,1
DA:177,0
DA:180,1
DA:187,1
DA:194,1
DA:199,1
DA:205,1
DA:206,0
DA:212,1
DA:213,0
DA:221,1
DA:223,78
DA:228,1
DA:229,1
DA:230,1
DA:231,1
DA:232,1
DA:236,1
DA:237,1
DA:238,1
DA:239,1
DA:243,65
DA:244,1
DA:246,0
DA:250,1
DA:251,1
DA:252,1
DA:253,1
DA:254,1
DA:255,1
DA:258,1
DA:259,28
DA:260,1
DA:261,1
DA:263,28
DA:264,28
DA:265,28
DA:266,28
DA:269,1
DA:270,5
DA:271,5
DA:272,5
DA:273,5
DA:274,5
DA:275,5
DA:276,5
DA:277,5
DA:278,5
DA:279,5
DA:283,1
DA:284,1
DA:285,1
DA:286,1
DA:287,1
DA:288,1
DA:289,1
DA:290,1
DA:291,1
DA:292,1
DA:293,1
DA:296,1
DA:297,1
DA:301,1
DA:305,1
DA:306,1
DA:307,1
DA:311,1
DA:312,1
DA:313,1
DA:314,1
DA:322,1
DA:323,1
DA:329,1
DA:330,1
DA:331,1
DA:337,1
DA:338,1
DA:339,1
DA:340,1
DA:341,1
DA:347,1
DA:348,1
DA:349,1
DA:350,1
DA:351,1
DA:357,1
DA:358,1
DA:359,1
DA:367,1
DA:368,1
DA:378,1
DA:381,0
DA:388,1
DA:389,1
DA:397,1
DA:405,1
DA:409,1
DA:416,1
DA:417,0
DA:422,1
DA:423,0
DA:430,1
DA:435,65
DA:445,3
DA:458,1
DA:459,1
DA:520,2
DA:533,1
DA:534,1
DA:558,2
DA:571,1
DA:572,1
DA:659,2
DA:672,1
DA:673,1
DA:702,0
DA:721,2
DA:734,1
DA:735,1
DA:749,0
DA:753,0
DA:755,0
DA:761,0
DA:780,0
DA:849,6
DA:881,1
LF:165
LH:150
BRDA:38,0,0,5
BRDA:38,0,1,0
BRDA:38,1,0,5
BRDA:38,1,1,0
BRDA:38,2,0,5
BRDA:38,2,1,5
BRDA:51,3,0,1
BRDA:51,3,1,1
BRDA:56,4,0,1
BRDA:56,4,1,1
BRDA:61,5,0,1
BRDA:61,5,1,1
BRDA:61,6,0,1
BRDA:61,6,1,1
BRDA:66,7,0,1
BRDA:66,7,1,1
BRDA:71,8,0,1
BRDA:71,8,1,1
BRDA:76,9,0,1
BRDA:76,9,1,1
BRDA:81,10,0,1
BRDA:81,10,1,1
BRDA:86,11,0,0
BRDA:86,11,1,1
BRDA:93,12,0,1
BRDA:93,12,1,1
BRDA:100,13,0,1
BRDA:100,13,1,1
BRDA:100,14,0,1
BRDA:100,14,1,1
BRDA:105,15,0,1
BRDA:105,15,1,1
BRDA:110,16,0,1
BRDA:110,16,1,1
BRDA:117,17,0,1
BRDA:117,17,1,1
BRDA:117,18,0,1
BRDA:117,18,1,1
BRDA:122,19,0,1
BRDA:122,19,1,1
BRDA:127,20,0,1
BRDA:127,20,1,1
BRDA:134,21,0,1
BRDA:134,21,1,1
BRDA:135,22,0,1
BRDA:135,22,1,1
BRDA:141,23,0,1
BRDA:141,23,1,1
BRDA:146,24,0,1
BRDA:146,24,1,1
BRDA:151,25,0,1
BRDA:151,25,1,1
BRDA:151,26,0,1
BRDA:151,26,1,1
BRDA:152,27,0,1
BRDA:152,27,1,1
BRDA:153,28,0,1
BRDA:153,28,1,1
BRDA:160,29,0,0
BRDA:160,29,1,1
BRDA:162,30,0,0
BRDA:162,30,1,1
BRDA:169,31,0,0
BRDA:169,31,1,1
BRDA:170,32,0,0
BRDA:170,32,1,0
BRDA:175,33,0,1
BRDA:175,33,1,0
BRDA:183,34,0,0
BRDA:183,34,1,1
BRDA:190,35,0,0
BRDA:190,35,1,1
BRDA:197,36,0,1
BRDA:197,36,1,1
BRDA:202,37,0,1
BRDA:202,37,1,1
BRDA:205,38,0,0
BRDA:205,38,1,1
BRDA:212,39,0,0
BRDA:212,39,1,1
BRDA:244,40,0,1
BRDA:244,40,1,0
BRDA:258,41,0,24
BRDA:258,42,0,24
BRDA:259,43,0,1
BRDA:259,43,1,27
BRDA:264,44,0,4
BRDA:264,44,1,24
BRDA:298,45,0,1
BRDA:298,45,1,1
BRDA:302,46,0,1
BRDA:302,46,1,1
BRDA:308,47,0,1
BRDA:308,47,1,1
BRDA:308,48,0,1
BRDA:308,48,1,1
BRDA:311,49,0,1
BRDA:311,49,1,1
BRDA:315,50,0,1
BRDA:315,50,1,1
BRDA:316,51,0,0
BRDA:316,51,1,1
BRDA:324,52,0,1
BRDA:324,52,1,1
BRDA:332,53,0,1
BRDA:332,53,1,1
BRDA:333,54,0,1
BRDA:333,54,1,1
BRDA:338,55,0,1
BRDA:338,55,1,1
BRDA:342,56,0,1
BRDA:342,56,1,1
BRDA:343,57,0,1
BRDA:343,57,1,1
BRDA:348,58,0,1
BRDA:348,58,1,1
BRDA:352,59,0,1
BRDA:352,59,1,1
BRDA:353,60,0,1
BRDA:353,60,1,1
BRDA:358,61,0,1
BRDA:358,61,1,1
BRDA:360,62,0,1
BRDA:360,62,1,1
BRDA:361,63,0,1
BRDA:361,63,1,1
BRDA:362,64,0,1
BRDA:362,64,1,1
BRDA:362,65,0,1
BRDA:362,65,1,1
BRDA:370,66,0,0
BRDA:370,66,1,1
BRDA:372,67,0,0
BRDA:372,67,1,1
BRDA:380,68,0,0
BRDA:380,68,1,1
BRDA:381,69,0,0
BRDA:381,69,1,0
BRDA:391,70,0,0
BRDA:391,70,1,1
BRDA:399,71,0,0
BRDA:399,71,1,1
BRDA:406,72,0,1
BRDA:406,72,1,1
BRDA:411,73,0,1
BRDA:411,73,1,1
BRDA:416,74,0,0
BRDA:416,74,1,1
BRDA:422,75,0,0
BRDA:422,75,1,1
BRDA:448,76,0,2
BRDA:448,76,1,63
BRDA:465,77,0,65
BRDA:465,77,1,63
BRDA:471,78,0,63
BRDA:471,78,1,63
BRDA:477,79,0,63
BRDA:477,79,1,63
BRDA:491,80,0,63
BRDA:491,80,1,63
BRDA:492,81,0,63
BRDA:492,81,1,63
BRDA:498,82,0,0
BRDA:498,82,1,63
BRDA:503,83,0,0
BRDA:503,83,1,63
BRDA:523,84,0,1
BRDA:523,84,1,64
BRDA:540,85,0,65
BRDA:540,85,1,64
BRDA:546,86,0,64
BRDA:546,86,1,64
BRDA:561,87,0,1
BRDA:561,87,1,64
BRDA:578,88,0,65
BRDA:578,88,1,64
BRDA:586,89,0,64
BRDA:586,89,1,64
BRDA:587,90,0,64
BRDA:587,90,1,64
BRDA:588,91,0,64
BRDA:588,91,1,64
BRDA:588,91,2,64
BRDA:593,92,0,64
BRDA:593,92,1,64
BRDA:596,93,0,64
BRDA:596,93,1,64
BRDA:606,94,0,64
BRDA:606,94,1,64
BRDA:607,95,0,64
BRDA:607,95,1,64
BRDA:608,96,0,64
BRDA:608,96,1,64
BRDA:608,96,2,64
BRDA:613,97,0,64
BRDA:613,97,1,64
BRDA:616,98,0,64
BRDA:616,98,1,64
BRDA:626,99,0,64
BRDA:626,99,1,64
BRDA:627,100,0,64
BRDA:627,100,1,64
BRDA:628,101,0,64
BRDA:628,101,1,64
BRDA:628,101,2,64
BRDA:636,102,0,64
BRDA:636,102,1,64
BRDA:639,103,0,64
BRDA:639,103,1,64
BRDA:643,104,0,64
BRDA:643,104,1,64
BRDA:644,105,0,64
BRDA:644,105,1,64
BRDA:644,106,0,64
BRDA:644,106,1,64
BRDA:645,107,0,64
BRDA:645,107,1,64
BRDA:662,108,0,1
BRDA:662,108,1,64
BRDA:679,109,0,65
BRDA:679,109,1,64
BRDA:685,110,0,0
BRDA:685,110,1,64
BRDA:687,111,0,0
BRDA:687,111,1,64
BRDA:695,112,0,0
BRDA:695,112,1,64
BRDA:695,113,0,64
BRDA:695,113,1,64
BRDA:703,114,0,0
BRDA:703,114,1,0
BRDA:724,115,0,1
BRDA:724,115,1,64
BRDA:741,116,0,65
BRDA:741,116,1,64
BRDA:747,117,0,0
BRDA:747,117,1,64
BRDA:747,118,0,64
BRDA:747,118,1,64
BRDA:776,119,0,0
BRDA:776,119,1,64
BRDA:776,120,0,64
BRDA:776,120,1,64
BRDA:798,121,0,64
BRDA:798,121,1,64
BRDA:806,122,0,64
BRDA:806,122,1,64
BRDA:809,123,0,64
BRDA:809,123,1,64
BRDA:809,123,2,0
BRDA:822,124,0,64
BRDA:822,124,1,64
BRDA:822,124,2,0
BRF:253
BRH:218
end_of_record
TN:
SF:src/components/common/Header/Header.jsx
FN:3,(anonymous_0)
FNF:1
FNH:1
FNDA:32,(anonymous_0)
DA:3,2
DA:4,32
LF:2
LH:2
BRF:0
BRH:0
end_of_record
TN:
SF:src/components/common/Navigation/Navigation.jsx
FN:3,(anonymous_0)
FNF:1
FNH:1
FNDA:493,(anonymous_0)
DA:3,7
DA:12,493
LF:2
LH:2
BRDA:4,0,0,8
BRDA:5,1,0,11
BRDA:10,2,0,425
BRDA:15,3,0,281
BRDA:15,3,1,212
BRDA:37,4,0,62
BRDA:37,4,1,431
BRF:7
BRH:7
end_of_record
TN:
SF:src/components/common/ProgressBar/ProgressBar.jsx
FN:4,(anonymous_0)
FN:37,(anonymous_1)
FNF:2
FNH:2
FNDA:31,(anonymous_0)
FNDA:186,(anonymous_1)
DA:4,2
DA:5,31
DA:7,31
DA:16,31
DA:25,31
DA:38,186
DA:39,186
DA:40,186
DA:42,186
LF:9
LH:9
BRDA:47,0,0,30
BRDA:47,0,1,156
BRDA:49,1,0,31
BRDA:49,1,1,125
BRDA:54,2,0,186
BRDA:54,2,1,31
BRF:6
BRH:6
end_of_record
TN:
SF:src/components/common/SupportChat/SupportChat.jsx
FN:4,(anonymous_0)
FNF:1
FNH:1
FNDA:30,(anonymous_0)
DA:4,2
DA:5,30
LF:2
LH:2
BRF:0
BRH:0
end_of_record
TN:
SF:src/contexts/FormContext.jsx
FN:58,FormProvider
FN:62,(anonymous_1)
FN:63,(anonymous_2)
FN:66,(anonymous_3)
FN:68,(anonymous_4)
FN:72,(anonymous_5)
FN:74,(anonymous_6)
FN:78,(anonymous_7)
FN:84,(anonymous_8)
FN:90,(anonymous_9)
FN:112,useFormContext
FNF:11
FNH:11
FNDA:281,FormProvider
FNDA:40,(anonymous_1)
FNDA:40,(anonymous_2)
FNDA:14,(anonymous_3)
FNDA:12,(anonymous_4)
FNDA:6,(anonymous_5)
FNDA:1,(anonymous_6)
FNDA:32,(anonymous_7)
FNDA:3,(anonymous_8)
FNDA:25,(anonymous_9)
FNDA:591,useFormContext
DA:3,9
DA:5,9
DA:59,281
DA:60,281
DA:62,281
DA:63,40
DA:66,281
DA:67,14
DA:68,12
DA:72,281
DA:73,6
DA:74,1
DA:78,281
DA:79,32
DA:80,28
DA:84,281
DA:85,3
DA:86,3
DA:90,281
DA:91,25
DA:94,281
DA:113,591
DA:114,590
DA:115,2
DA:117,588
LF:25
LH:25
BRDA:67,0,0,12
BRDA:67,0,1,2
BRDA:73,1,0,1
BRDA:73,1,1,5
BRDA:79,2,0,28
BRDA:79,2,1,4
BRDA:79,3,0,32
BRDA:79,3,1,30
BRDA:114,4,0,2
BRDA:114,4,1,588
BRF:10
BRH:10
end_of_record
